0 verbose cli C:\Program Files\nodejs\node.exe C:\Users\mathe\AppData\Roaming\npm\node_modules\npm\bin\npm-cli.js
1 info using npm@10.9.2
2 info using node@v22.11.0
3 silly config load:file:C:\Users\mathe\AppData\Roaming\npm\node_modules\npm\npmrc
4 silly config load:file:C:\Users\mathe\OneDrive\Área de Trabalho\discord\.npmrc
5 silly config load:file:C:\Users\mathe\.npmrc
6 silly config load:file:C:\Users\mathe\AppData\Roaming\npm\etc\npmrc
7 verbose title npm uninstall node-fetch
8 verbose argv "uninstall" "node-fetch"
9 verbose logfile logs-max:10 dir:C:\Users\mathe\OneDrive\Área de Trabalho\discord\npm-cache\_logs\2024-12-19T11_45_01_552Z-
10 verbose logfile C:\Users\mathe\OneDrive\Área de Trabalho\discord\npm-cache\_logs\2024-12-19T11_45_01_552Z-debug-0.log
11 silly logfile done cleaning log files
12 silly packumentCache heap:4345298944 maxSize:1086324736 maxEntrySize:543162368
13 silly idealTree buildDeps
14 silly reify mark retired [
14 silly reify   'C:\\Users\\mathe\\OneDrive\\Área de Trabalho\\discord\\node_modules\\data-uri-to-buffer'
14 silly reify ]
15 silly reify mark retired [
15 silly reify   'C:\\Users\\mathe\\OneDrive\\Área de Trabalho\\discord\\node_modules\\fetch-blob'
15 silly reify ]
16 silly reify mark retired [
16 silly reify   'C:\\Users\\mathe\\OneDrive\\Área de Trabalho\\discord\\node_modules\\formdata-polyfill'
16 silly reify ]
17 silly reify mark retired [
17 silly reify   'C:\\Users\\mathe\\OneDrive\\Área de Trabalho\\discord\\node_modules\\node-domexception'
17 silly reify ]
18 silly reify mark retired [
18 silly reify   'C:\\Users\\mathe\\OneDrive\\Área de Trabalho\\discord\\node_modules\\node-fetch'
18 silly reify ]
19 silly reify mark retired [
19 silly reify   'C:\\Users\\mathe\\OneDrive\\Área de Trabalho\\discord\\node_modules\\web-streams-polyfill'
19 silly reify ]
20 silly reify moves {
20 silly reify   'C:\\Users\\mathe\\OneDrive\\Área de Trabalho\\discord\\node_modules\\data-uri-to-buffer': 'C:\\Users\\mathe\\OneDrive\\Área de Trabalho\\discord\\node_modules\\.data-uri-to-buffer-Xw3TuHPp',
20 silly reify   'C:\\Users\\mathe\\OneDrive\\Área de Trabalho\\discord\\node_modules\\fetch-blob': 'C:\\Users\\mathe\\OneDrive\\Área de Trabalho\\discord\\node_modules\\.fetch-blob-yA4KQ91G',
20 silly reify   'C:\\Users\\mathe\\OneDrive\\Área de Trabalho\\discord\\node_modules\\formdata-polyfill': 'C:\\Users\\mathe\\OneDrive\\Área de Trabalho\\discord\\node_modules\\.formdata-polyfill-Eg9U8zDR',
20 silly reify   'C:\\Users\\mathe\\OneDrive\\Área de Trabalho\\discord\\node_modules\\node-domexception': 'C:\\Users\\mathe\\OneDrive\\Área de Trabalho\\discord\\node_modules\\.node-domexception-7LiYtSyN',
20 silly reify   'C:\\Users\\mathe\\OneDrive\\Área de Trabalho\\discord\\node_modules\\node-fetch': 'C:\\Users\\mathe\\OneDrive\\Área de Trabalho\\discord\\node_modules\\.node-fetch-Kk0Si5sT',
20 silly reify   'C:\\Users\\mathe\\OneDrive\\Área de Trabalho\\discord\\node_modules\\web-streams-polyfill': 'C:\\Users\\mathe\\OneDrive\\Área de Trabalho\\discord\\node_modules\\.web-streams-polyfill-jaErcQXF'
20 silly reify }
21 silly audit bulk request {
21 silly audit   '@discordjs/builders': [ '1.9.0' ],
21 silly audit   'discord-api-types': [ '0.37.97', '0.37.83', '0.37.111', '0.37.100' ],
21 silly audit   '@discordjs/collection': [ '1.5.3', '2.1.1' ],
21 silly audit   '@discordjs/formatters': [ '0.5.0' ],
21 silly audit   '@discordjs/rest': [ '2.4.0' ],
21 silly audit   '@discordjs/util': [ '1.1.1' ],
21 silly audit   '@discordjs/ws': [ '1.1.1' ],
21 silly audit   '@sapphire/async-queue': [ '1.5.5' ],
21 silly audit   '@sapphire/shapeshift': [ '4.0.0' ],
21 silly audit   '@sapphire/snowflake': [ '3.5.3' ],
21 silly audit   '@types/node': [ '22.10.2' ],
21 silly audit   '@types/ws': [ '8.5.13' ],
21 silly audit   '@vladfrangu/async_event_emitter': [ '2.4.6' ],
21 silly audit   'discord.js': [ '14.16.3' ],
21 silly audit   dotenv: [ '16.4.7' ],
21 silly audit   'fast-deep-equal': [ '3.1.3' ],
21 silly audit   lodash: [ '4.17.21' ],
21 silly audit   'lodash.snakecase': [ '4.1.1' ],
21 silly audit   'magic-bytes.js': [ '1.10.0' ],
21 silly audit   'ts-mixer': [ '6.0.4' ],
21 silly audit   tslib: [ '2.8.1' ],
21 silly audit   undici: [ '6.19.8' ],
21 silly audit   'undici-types': [ '6.20.0' ],
21 silly audit   ws: [ '8.18.0' ]
21 silly audit }
22 http fetch POST 200 https://registry.npmjs.org/-/npm/v1/security/advisories/bulk 283ms
23 silly audit report {}
24 silly REMOVE node_modules/web-streams-polyfill
25 silly REMOVE node_modules/node-fetch
26 silly REMOVE node_modules/node-domexception
27 silly REMOVE node_modules/formdata-polyfill
28 silly REMOVE node_modules/fetch-blob
29 silly REMOVE node_modules/data-uri-to-buffer
30 verbose cwd C:\Users\mathe\OneDrive\Área de Trabalho\discord
31 verbose os Windows_NT 10.0.26100
32 verbose node v22.11.0
33 verbose npm  v10.9.2
34 verbose exit 0
35 info ok
