0 verbose cli C:\Program Files\nodejs\node.exe C:\Users\mathe\AppData\Roaming\npm\node_modules\npm\bin\npm-cli.js
1 info using npm@10.9.2
2 info using node@v22.11.0
3 silly config load:file:C:\Users\mathe\AppData\Roaming\npm\node_modules\npm\npmrc
4 silly config load:file:C:\Users\mathe\OneDrive\Área de Trabalho\discord\.npmrc
5 silly config load:file:C:\Users\mathe\.npmrc
6 silly config load:file:C:\Users\mathe\AppData\Roaming\npm\etc\npmrc
7 verbose title npm install @discordjs/rest discord-api-types
8 verbose argv "install" "@discordjs/rest" "discord-api-types"
9 verbose logfile logs-max:10 dir:C:\Users\mathe\OneDrive\Área de Trabalho\discord\npm-cache\_logs\2024-12-16T17_24_22_954Z-
10 verbose logfile C:\Users\mathe\OneDrive\Área de Trabalho\discord\npm-cache\_logs\2024-12-16T17_24_22_954Z-debug-0.log
11 silly logfile done cleaning log files
12 silly packumentCache heap:4345298944 maxSize:1086324736 maxEntrySize:543162368
13 silly idealTree buildDeps
14 silly fetch manifest @discordjs/rest@*
15 silly packumentCache full:https://registry.npmjs.org/@discordjs%2frest cache-miss
16 http fetch GET 200 https://registry.npmjs.org/@discordjs%2frest 393ms (cache revalidated)
17 silly packumentCache full:https://registry.npmjs.org/@discordjs%2frest set size:4808934 disposed:false
18 silly fetch manifest discord-api-types@*
19 silly packumentCache full:https://registry.npmjs.org/discord-api-types cache-miss
20 http fetch GET 200 https://registry.npmjs.org/discord-api-types 57ms (cache revalidated)
21 silly packumentCache full:https://registry.npmjs.org/discord-api-types set size:6431045 disposed:false
22 silly placeDep ROOT @discordjs/rest@2.4.0 REPLACE for: discord@1.0.0 want: *
23 silly placeDep ROOT discord-api-types@0.37.111 REPLACE for: discord@1.0.0 want: *
24 silly fetch manifest discord-api-types@0.37.100
25 silly packumentCache full:https://registry.npmjs.org/discord-api-types cache-miss
26 http cache https://registry.npmjs.org/discord-api-types 13ms (cache hit)
27 silly packumentCache full:https://registry.npmjs.org/discord-api-types set size:6431045 disposed:false
28 silly placeDep node_modules/discord.js discord-api-types@0.37.100 OK for: discord.js@14.16.3 want: 0.37.100
29 silly reify mark retired [
29 silly reify   'C:\\Users\\mathe\\OneDrive\\Área de Trabalho\\discord\\node_modules\\discord-api-types'
29 silly reify ]
30 silly reify moves {
30 silly reify   'C:\\Users\\mathe\\OneDrive\\Área de Trabalho\\discord\\node_modules\\discord-api-types': 'C:\\Users\\mathe\\OneDrive\\Área de Trabalho\\discord\\node_modules\\.discord-api-types-oxpoylVg'
30 silly reify }
31 silly audit bulk request {
31 silly audit   '@discordjs/builders': [ '1.9.0' ],
31 silly audit   'discord-api-types': [ '0.37.97', '0.37.83', '0.37.111', '0.37.100' ],
31 silly audit   '@discordjs/collection': [ '1.5.3', '2.1.1' ],
31 silly audit   '@discordjs/formatters': [ '0.5.0' ],
31 silly audit   '@discordjs/util': [ '1.1.1' ],
31 silly audit   '@discordjs/ws': [ '1.1.1' ],
31 silly audit   '@sapphire/async-queue': [ '1.5.5' ],
31 silly audit   '@sapphire/shapeshift': [ '4.0.0' ],
31 silly audit   '@sapphire/snowflake': [ '3.5.3' ],
31 silly audit   '@types/node': [ '22.10.2' ],
31 silly audit   '@types/ws': [ '8.5.13' ],
31 silly audit   '@vladfrangu/async_event_emitter': [ '2.4.6' ],
31 silly audit   'discord.js': [ '14.16.3' ],
31 silly audit   'fast-deep-equal': [ '3.1.3' ],
31 silly audit   lodash: [ '4.17.21' ],
31 silly audit   'lodash.snakecase': [ '4.1.1' ],
31 silly audit   'magic-bytes.js': [ '1.10.0' ],
31 silly audit   'ts-mixer': [ '6.0.4' ],
31 silly audit   tslib: [ '2.8.1' ],
31 silly audit   undici: [ '6.19.8' ],
31 silly audit   'undici-types': [ '6.20.0' ],
31 silly audit   ws: [ '8.18.0' ],
31 silly audit   '@discordjs/rest': [ '2.4.0' ]
31 silly audit }
32 http cache discord-api-types@https://registry.npmjs.org/discord-api-types/-/discord-api-types-0.37.111.tgz 0ms (cache hit)
33 http cache discord-api-types@https://registry.npmjs.org/discord-api-types/-/discord-api-types-0.37.100.tgz 0ms (cache hit)
34 silly tarball no local data for discord-api-types@https://registry.npmjs.org/discord-api-types/-/discord-api-types-0.37.111.tgz. Extracting by manifest.
35 http fetch POST 200 https://registry.npmjs.org/-/npm/v1/security/advisories/bulk 223ms
36 silly audit report {}
37 http fetch GET 200 https://registry.npmjs.org/discord-api-types/-/discord-api-types-0.37.111.tgz 802ms (cache miss)
38 silly ADD node_modules/discord.js/node_modules/discord-api-types
39 silly CHANGE node_modules/discord-api-types
40 verbose cwd C:\Users\mathe\OneDrive\Área de Trabalho\discord
41 verbose os Windows_NT 10.0.26100
42 verbose node v22.11.0
43 verbose npm  v10.9.2
44 verbose exit 0
45 info ok
