0 verbose cli C:\Program Files\nodejs\node.exe C:\Users\mathe\AppData\Roaming\npm\node_modules\npm\bin\npm-cli.js
1 info using npm@10.9.2
2 info using node@v22.11.0
3 silly config load:file:C:\Users\mathe\AppData\Roaming\npm\node_modules\npm\npmrc
4 silly config load:file:C:\Users\mathe\OneDrive\Área de Trabalho\discord\.npmrc
5 silly config load:file:C:\Users\mathe\.npmrc
6 silly config load:file:C:\Users\mathe\AppData\Roaming\npm\etc\npmrc
7 verbose title npm i express
8 verbose argv "i" "express"
9 verbose logfile logs-max:10 dir:C:\Users\mathe\OneDrive\Área de Trabalho\discord\npm-cache\_logs\2024-12-19T14_14_48_795Z-
10 verbose logfile C:\Users\mathe\OneDrive\Área de Trabalho\discord\npm-cache\_logs\2024-12-19T14_14_48_795Z-debug-0.log
11 silly logfile done cleaning log files
12 silly packumentCache heap:4345298944 maxSize:1086324736 maxEntrySize:543162368
13 silly idealTree buildDeps
14 silly fetch manifest express@*
15 silly packumentCache full:https://registry.npmjs.org/express cache-miss
16 http fetch GET 200 https://registry.npmjs.org/express 133ms (cache miss)
17 silly packumentCache full:https://registry.npmjs.org/express set size:undefined disposed:false
18 silly placeDep ROOT express@4.21.2 OK for: discord@1.0.0 want: *
19 silly fetch manifest qs@6.13.0
20 silly packumentCache full:https://registry.npmjs.org/qs cache-miss
21 silly fetch manifest depd@2.0.0
22 silly packumentCache full:https://registry.npmjs.org/depd cache-miss
23 silly fetch manifest etag@~1.8.1
24 silly packumentCache full:https://registry.npmjs.org/etag cache-miss
25 silly fetch manifest send@0.19.0
26 silly packumentCache full:https://registry.npmjs.org/send cache-miss
27 silly fetch manifest vary@~1.1.2
28 silly packumentCache full:https://registry.npmjs.org/vary cache-miss
29 silly fetch manifest debug@2.6.9
30 silly packumentCache full:https://registry.npmjs.org/debug cache-miss
31 silly fetch manifest fresh@0.5.2
32 silly packumentCache full:https://registry.npmjs.org/fresh cache-miss
33 silly fetch manifest cookie@0.7.1
34 silly packumentCache full:https://registry.npmjs.org/cookie cache-miss
35 silly fetch manifest accepts@~1.3.8
36 silly packumentCache full:https://registry.npmjs.org/accepts cache-miss
37 silly fetch manifest methods@~1.1.2
38 silly packumentCache full:https://registry.npmjs.org/methods cache-miss
39 silly fetch manifest type-is@~1.6.18
40 silly packumentCache full:https://registry.npmjs.org/type-is cache-miss
41 silly fetch manifest parseurl@~1.3.3
42 silly packumentCache full:https://registry.npmjs.org/parseurl cache-miss
43 silly fetch manifest statuses@2.0.1
44 silly packumentCache full:https://registry.npmjs.org/statuses cache-miss
45 silly fetch manifest encodeurl@~2.0.0
46 silly packumentCache full:https://registry.npmjs.org/encodeurl cache-miss
47 silly fetch manifest proxy-addr@~2.0.7
48 silly packumentCache full:https://registry.npmjs.org/proxy-addr cache-miss
49 silly fetch manifest body-parser@1.20.3
50 silly packumentCache full:https://registry.npmjs.org/body-parser cache-miss
51 silly fetch manifest escape-html@~1.0.3
52 silly packumentCache full:https://registry.npmjs.org/escape-html cache-miss
53 silly fetch manifest http-errors@2.0.0
54 silly packumentCache full:https://registry.npmjs.org/http-errors cache-miss
55 silly fetch manifest on-finished@2.4.1
56 silly packumentCache full:https://registry.npmjs.org/on-finished cache-miss
57 silly fetch manifest safe-buffer@5.2.1
58 silly packumentCache full:https://registry.npmjs.org/safe-buffer cache-miss
59 silly fetch manifest utils-merge@1.0.1
60 silly packumentCache full:https://registry.npmjs.org/utils-merge cache-miss
61 silly fetch manifest content-type@~1.0.4
62 silly packumentCache full:https://registry.npmjs.org/content-type cache-miss
63 silly fetch manifest finalhandler@1.3.1
64 silly packumentCache full:https://registry.npmjs.org/finalhandler cache-miss
65 silly fetch manifest range-parser@~1.2.1
66 silly packumentCache full:https://registry.npmjs.org/range-parser cache-miss
67 silly fetch manifest serve-static@1.16.2
68 silly packumentCache full:https://registry.npmjs.org/serve-static cache-miss
69 silly fetch manifest array-flatten@1.1.1
70 silly packumentCache full:https://registry.npmjs.org/array-flatten cache-miss
71 silly fetch manifest path-to-regexp@0.1.12
72 silly packumentCache full:https://registry.npmjs.org/path-to-regexp cache-miss
73 http fetch GET 200 https://registry.npmjs.org/qs 62ms (cache miss)
74 silly packumentCache full:https://registry.npmjs.org/qs set size:undefined disposed:false
75 silly fetch manifest setprototypeof@1.2.0
76 silly packumentCache full:https://registry.npmjs.org/setprototypeof cache-miss
77 http fetch GET 200 https://registry.npmjs.org/depd 86ms (cache miss)
78 silly packumentCache full:https://registry.npmjs.org/depd set size:undefined disposed:false
79 silly fetch manifest cookie-signature@1.0.6
80 silly packumentCache full:https://registry.npmjs.org/cookie-signature cache-miss
81 http fetch GET 200 https://registry.npmjs.org/body-parser 91ms (cache miss)
82 silly packumentCache full:https://registry.npmjs.org/body-parser set size:undefined disposed:false
83 silly fetch manifest merge-descriptors@1.0.3
84 silly packumentCache full:https://registry.npmjs.org/merge-descriptors cache-miss
85 http fetch GET 200 https://registry.npmjs.org/proxy-addr 98ms (cache miss)
86 silly packumentCache full:https://registry.npmjs.org/proxy-addr set size:undefined disposed:false
87 silly fetch manifest content-disposition@0.5.4
88 silly packumentCache full:https://registry.npmjs.org/content-disposition cache-miss
89 http fetch GET 200 https://registry.npmjs.org/vary 102ms (cache miss)
90 silly packumentCache full:https://registry.npmjs.org/vary set size:undefined disposed:false
91 http fetch GET 200 https://registry.npmjs.org/etag 103ms (cache miss)
92 silly packumentCache full:https://registry.npmjs.org/etag set size:undefined disposed:false
93 http fetch GET 200 https://registry.npmjs.org/encodeurl 102ms (cache miss)
94 silly packumentCache full:https://registry.npmjs.org/encodeurl set size:undefined disposed:false
95 http fetch GET 200 https://registry.npmjs.org/accepts 103ms (cache miss)
96 silly packumentCache full:https://registry.npmjs.org/accepts set size:undefined disposed:false
97 http fetch GET 200 https://registry.npmjs.org/methods 104ms (cache miss)
98 silly packumentCache full:https://registry.npmjs.org/methods set size:undefined disposed:false
99 http fetch GET 200 https://registry.npmjs.org/send 106ms (cache miss)
100 silly packumentCache full:https://registry.npmjs.org/send set size:undefined disposed:false
101 http fetch GET 200 https://registry.npmjs.org/parseurl 106ms (cache miss)
102 silly packumentCache full:https://registry.npmjs.org/parseurl set size:undefined disposed:false
103 http fetch GET 200 https://registry.npmjs.org/type-is 107ms (cache miss)
104 silly packumentCache full:https://registry.npmjs.org/type-is set size:undefined disposed:false
105 http fetch GET 200 https://registry.npmjs.org/cookie 108ms (cache miss)
106 silly packumentCache full:https://registry.npmjs.org/cookie set size:undefined disposed:false
107 http fetch GET 200 https://registry.npmjs.org/debug 111ms (cache miss)
108 silly packumentCache full:https://registry.npmjs.org/debug set size:undefined disposed:false
109 http fetch GET 200 https://registry.npmjs.org/escape-html 119ms (cache miss)
110 silly packumentCache full:https://registry.npmjs.org/escape-html set size:undefined disposed:false
111 http fetch GET 200 https://registry.npmjs.org/http-errors 120ms (cache miss)
112 silly packumentCache full:https://registry.npmjs.org/http-errors set size:undefined disposed:false
113 http fetch GET 200 https://registry.npmjs.org/on-finished 121ms (cache miss)
114 silly packumentCache full:https://registry.npmjs.org/on-finished set size:undefined disposed:false
115 http fetch GET 200 https://registry.npmjs.org/content-type 123ms (cache miss)
116 silly packumentCache full:https://registry.npmjs.org/content-type set size:undefined disposed:false
117 http fetch GET 200 https://registry.npmjs.org/statuses 125ms (cache miss)
118 silly packumentCache full:https://registry.npmjs.org/statuses set size:undefined disposed:false
119 http fetch GET 200 https://registry.npmjs.org/utils-merge 125ms (cache miss)
120 silly packumentCache full:https://registry.npmjs.org/utils-merge set size:undefined disposed:false
121 http fetch GET 200 https://registry.npmjs.org/safe-buffer 126ms (cache miss)
122 silly packumentCache full:https://registry.npmjs.org/safe-buffer set size:undefined disposed:false
123 http fetch GET 200 https://registry.npmjs.org/range-parser 128ms (cache miss)
124 silly packumentCache full:https://registry.npmjs.org/range-parser set size:undefined disposed:false
125 http fetch GET 200 https://registry.npmjs.org/finalhandler 130ms (cache miss)
126 silly packumentCache full:https://registry.npmjs.org/finalhandler set size:undefined disposed:false
127 http fetch GET 200 https://registry.npmjs.org/array-flatten 131ms (cache miss)
128 silly packumentCache full:https://registry.npmjs.org/array-flatten set size:undefined disposed:false
129 http fetch GET 200 https://registry.npmjs.org/fresh 135ms (cache miss)
130 silly packumentCache full:https://registry.npmjs.org/fresh set size:undefined disposed:false
131 http fetch GET 200 https://registry.npmjs.org/path-to-regexp 134ms (cache miss)
132 silly packumentCache full:https://registry.npmjs.org/path-to-regexp set size:undefined disposed:false
133 http fetch GET 200 https://registry.npmjs.org/serve-static 138ms (cache miss)
134 silly packumentCache full:https://registry.npmjs.org/serve-static set size:undefined disposed:false
135 http fetch GET 200 https://registry.npmjs.org/cookie-signature 57ms (cache miss)
136 silly packumentCache full:https://registry.npmjs.org/cookie-signature set size:undefined disposed:false
137 http fetch GET 200 https://registry.npmjs.org/merge-descriptors 50ms (cache miss)
138 silly packumentCache full:https://registry.npmjs.org/merge-descriptors set size:undefined disposed:false
139 http fetch GET 200 https://registry.npmjs.org/content-disposition 45ms (cache miss)
140 silly packumentCache full:https://registry.npmjs.org/content-disposition set size:undefined disposed:false
141 http fetch GET 200 https://registry.npmjs.org/setprototypeof 103ms (cache miss)
142 silly packumentCache full:https://registry.npmjs.org/setprototypeof set size:undefined disposed:false
143 silly placeDep ROOT accepts@1.3.8 OK for: express@4.21.2 want: ~1.3.8
144 silly placeDep ROOT array-flatten@1.1.1 OK for: express@4.21.2 want: 1.1.1
145 silly placeDep ROOT body-parser@1.20.3 OK for: express@4.21.2 want: 1.20.3
146 silly placeDep ROOT content-disposition@0.5.4 OK for: express@4.21.2 want: 0.5.4
147 silly placeDep ROOT content-type@1.0.5 OK for: express@4.21.2 want: ~1.0.4
148 silly placeDep ROOT cookie@0.7.1 OK for: express@4.21.2 want: 0.7.1
149 silly placeDep ROOT cookie-signature@1.0.6 OK for: express@4.21.2 want: 1.0.6
150 silly placeDep ROOT debug@2.6.9 OK for: express@4.21.2 want: 2.6.9
151 silly placeDep ROOT depd@2.0.0 OK for: express@4.21.2 want: 2.0.0
152 silly placeDep ROOT encodeurl@2.0.0 OK for: express@4.21.2 want: ~2.0.0
153 silly placeDep ROOT escape-html@1.0.3 OK for: express@4.21.2 want: ~1.0.3
154 silly placeDep ROOT etag@1.8.1 OK for: express@4.21.2 want: ~1.8.1
155 silly placeDep ROOT finalhandler@1.3.1 OK for: express@4.21.2 want: 1.3.1
156 silly placeDep ROOT fresh@0.5.2 OK for: express@4.21.2 want: 0.5.2
157 silly placeDep ROOT http-errors@2.0.0 OK for: express@4.21.2 want: 2.0.0
158 silly placeDep ROOT merge-descriptors@1.0.3 OK for: express@4.21.2 want: 1.0.3
159 silly placeDep ROOT methods@1.1.2 OK for: express@4.21.2 want: ~1.1.2
160 silly placeDep ROOT on-finished@2.4.1 OK for: express@4.21.2 want: 2.4.1
161 silly placeDep ROOT parseurl@1.3.3 OK for: express@4.21.2 want: ~1.3.3
162 silly placeDep ROOT path-to-regexp@0.1.12 OK for: express@4.21.2 want: 0.1.12
163 silly placeDep ROOT proxy-addr@2.0.7 OK for: express@4.21.2 want: ~2.0.7
164 silly placeDep ROOT qs@6.13.0 OK for: express@4.21.2 want: 6.13.0
165 silly placeDep ROOT range-parser@1.2.1 OK for: express@4.21.2 want: ~1.2.1
166 silly placeDep ROOT safe-buffer@5.2.1 OK for: express@4.21.2 want: 5.2.1
167 silly placeDep ROOT send@0.19.0 OK for: express@4.21.2 want: 0.19.0
168 silly placeDep ROOT serve-static@1.16.2 OK for: express@4.21.2 want: 1.16.2
169 silly placeDep ROOT setprototypeof@1.2.0 OK for: express@4.21.2 want: 1.2.0
170 silly placeDep ROOT statuses@2.0.1 OK for: express@4.21.2 want: 2.0.1
171 silly placeDep ROOT type-is@1.6.18 OK for: express@4.21.2 want: ~1.6.18
172 silly placeDep ROOT utils-merge@1.0.1 OK for: express@4.21.2 want: 1.0.1
173 silly placeDep ROOT vary@1.1.2 OK for: express@4.21.2 want: ~1.1.2
174 silly fetch manifest mime-types@~2.1.34
175 silly packumentCache full:https://registry.npmjs.org/mime-types cache-miss
176 silly fetch manifest negotiator@0.6.3
177 silly packumentCache full:https://registry.npmjs.org/negotiator cache-miss
178 silly fetch manifest bytes@3.1.2
179 silly packumentCache full:https://registry.npmjs.org/bytes cache-miss
180 silly fetch manifest unpipe@1.0.0
181 silly packumentCache full:https://registry.npmjs.org/unpipe cache-miss
182 silly fetch manifest destroy@1.2.0
183 silly packumentCache full:https://registry.npmjs.org/destroy cache-miss
184 silly fetch manifest raw-body@2.5.2
185 silly packumentCache full:https://registry.npmjs.org/raw-body cache-miss
186 silly fetch manifest iconv-lite@0.4.24
187 silly packumentCache full:https://registry.npmjs.org/iconv-lite cache-miss
188 silly fetch manifest content-type@~1.0.5
189 silly packumentCache full:https://registry.npmjs.org/content-type cache-miss
190 silly fetch manifest ms@2.0.0
191 silly packumentCache full:https://registry.npmjs.org/ms cache-miss
192 silly fetch manifest unpipe@~1.0.0
193 silly packumentCache full:https://registry.npmjs.org/unpipe cache-miss
194 silly fetch manifest inherits@2.0.4
195 silly packumentCache full:https://registry.npmjs.org/inherits cache-miss
196 silly fetch manifest toidentifier@1.0.1
197 silly packumentCache full:https://registry.npmjs.org/toidentifier cache-miss
198 silly fetch manifest ee-first@1.1.1
199 silly packumentCache full:https://registry.npmjs.org/ee-first cache-miss
200 silly fetch manifest forwarded@0.2.0
201 silly packumentCache full:https://registry.npmjs.org/forwarded cache-miss
202 silly fetch manifest ipaddr.js@1.9.1
203 silly packumentCache full:https://registry.npmjs.org/ipaddr.js cache-miss
204 silly fetch manifest side-channel@^1.0.6
205 silly packumentCache full:https://registry.npmjs.org/side-channel cache-miss
206 silly fetch manifest ms@2.1.3
207 silly packumentCache full:https://registry.npmjs.org/ms cache-miss
208 silly fetch manifest mime@1.6.0
209 silly packumentCache full:https://registry.npmjs.org/mime cache-miss
210 silly fetch manifest destroy@1.2.0
211 silly packumentCache full:https://registry.npmjs.org/destroy cache-miss
212 silly fetch manifest encodeurl@~1.0.2
213 silly packumentCache full:https://registry.npmjs.org/encodeurl cache-miss
214 silly fetch manifest mime-types@~2.1.24
215 silly packumentCache full:https://registry.npmjs.org/mime-types cache-miss
216 silly fetch manifest media-typer@0.3.0
217 silly packumentCache full:https://registry.npmjs.org/media-typer cache-miss
218 http cache https://registry.npmjs.org/content-type 13ms (cache hit)
219 silly packumentCache full:https://registry.npmjs.org/content-type set size:17251 disposed:false
220 http cache https://registry.npmjs.org/encodeurl 11ms (cache hit)
221 silly packumentCache full:https://registry.npmjs.org/encodeurl set size:12296 disposed:false
222 http fetch GET 200 https://registry.npmjs.org/forwarded 38ms (cache miss)
223 silly packumentCache full:https://registry.npmjs.org/forwarded set size:undefined disposed:false
224 http fetch GET 200 https://registry.npmjs.org/ipaddr.js 40ms (cache miss)
225 silly packumentCache full:https://registry.npmjs.org/ipaddr.js set size:undefined disposed:false
226 http fetch GET 200 https://registry.npmjs.org/ms 42ms (cache miss)
227 silly packumentCache full:https://registry.npmjs.org/ms set size:undefined disposed:false
228 http fetch GET 200 https://registry.npmjs.org/inherits 42ms (cache miss)
229 silly packumentCache full:https://registry.npmjs.org/inherits set size:undefined disposed:false
230 http fetch GET 200 https://registry.npmjs.org/destroy 45ms (cache miss)
231 silly packumentCache full:https://registry.npmjs.org/destroy set size:undefined disposed:false
232 http fetch GET 200 https://registry.npmjs.org/ee-first 44ms (cache miss)
233 silly packumentCache full:https://registry.npmjs.org/ee-first set size:undefined disposed:false
234 http fetch GET 200 https://registry.npmjs.org/bytes 45ms (cache miss)
235 silly packumentCache full:https://registry.npmjs.org/bytes set size:undefined disposed:false
236 http fetch GET 200 https://registry.npmjs.org/negotiator 46ms (cache miss)
237 silly packumentCache full:https://registry.npmjs.org/negotiator set size:undefined disposed:false
238 http fetch GET 200 https://registry.npmjs.org/mime-types 47ms (cache miss)
239 silly packumentCache full:https://registry.npmjs.org/mime-types set size:undefined disposed:false
240 http fetch GET 200 https://registry.npmjs.org/unpipe 47ms (cache miss)
241 silly packumentCache full:https://registry.npmjs.org/unpipe set size:undefined disposed:false
242 http fetch GET 200 https://registry.npmjs.org/iconv-lite 49ms (cache miss)
243 silly packumentCache full:https://registry.npmjs.org/iconv-lite set size:undefined disposed:false
244 http fetch GET 200 https://registry.npmjs.org/toidentifier 54ms (cache miss)
245 silly packumentCache full:https://registry.npmjs.org/toidentifier set size:undefined disposed:false
246 http fetch GET 200 https://registry.npmjs.org/unpipe 57ms (cache miss)
247 silly packumentCache full:https://registry.npmjs.org/unpipe set size:undefined disposed:false
248 http fetch GET 200 https://registry.npmjs.org/ms 55ms (cache miss)
249 silly packumentCache full:https://registry.npmjs.org/ms set size:undefined disposed:false
250 http fetch GET 200 https://registry.npmjs.org/destroy 57ms (cache miss)
251 silly packumentCache full:https://registry.npmjs.org/destroy set size:undefined disposed:false
252 http fetch GET 200 https://registry.npmjs.org/raw-body 60ms (cache miss)
253 silly packumentCache full:https://registry.npmjs.org/raw-body set size:undefined disposed:false
254 http fetch GET 200 https://registry.npmjs.org/side-channel 64ms (cache miss)
255 silly packumentCache full:https://registry.npmjs.org/side-channel set size:undefined disposed:false
256 http fetch GET 200 https://registry.npmjs.org/mime 68ms (cache miss)
257 silly packumentCache full:https://registry.npmjs.org/mime set size:undefined disposed:false
258 http fetch GET 200 https://registry.npmjs.org/media-typer 69ms (cache miss)
259 silly packumentCache full:https://registry.npmjs.org/media-typer set size:undefined disposed:false
260 http fetch GET 200 https://registry.npmjs.org/mime-types 72ms (cache miss)
261 silly packumentCache full:https://registry.npmjs.org/mime-types set size:undefined disposed:false
262 silly placeDep ROOT mime-types@2.1.35 OK for: accepts@1.3.8 want: ~2.1.34
263 silly placeDep ROOT negotiator@0.6.3 OK for: accepts@1.3.8 want: 0.6.3
264 silly fetch manifest mime-db@1.52.0
265 silly packumentCache full:https://registry.npmjs.org/mime-db cache-miss
266 http fetch GET 200 https://registry.npmjs.org/mime-db 45ms (cache miss)
267 silly packumentCache full:https://registry.npmjs.org/mime-db set size:undefined disposed:false
268 silly placeDep ROOT bytes@3.1.2 OK for: body-parser@1.20.3 want: 3.1.2
269 silly placeDep ROOT destroy@1.2.0 OK for: body-parser@1.20.3 want: 1.2.0
270 silly placeDep ROOT iconv-lite@0.4.24 OK for: body-parser@1.20.3 want: 0.4.24
271 silly placeDep ROOT raw-body@2.5.2 OK for: body-parser@1.20.3 want: 2.5.2
272 silly placeDep ROOT unpipe@1.0.0 OK for: body-parser@1.20.3 want: 1.0.0
273 silly fetch manifest safer-buffer@>= 2.1.2 < 3
274 silly packumentCache full:https://registry.npmjs.org/safer-buffer cache-miss
275 http fetch GET 200 https://registry.npmjs.org/safer-buffer 43ms (cache miss)
276 silly packumentCache full:https://registry.npmjs.org/safer-buffer set size:undefined disposed:false
277 silly placeDep ROOT ms@2.0.0 OK for: debug@2.6.9 want: 2.0.0
278 silly placeDep ROOT inherits@2.0.4 OK for: http-errors@2.0.0 want: 2.0.4
279 silly placeDep ROOT toidentifier@1.0.1 OK for: http-errors@2.0.0 want: 1.0.1
280 silly placeDep ROOT safer-buffer@2.1.2 OK for: iconv-lite@0.4.24 want: >= 2.1.2 < 3
281 silly placeDep ROOT mime-db@1.52.0 OK for: mime-types@2.1.35 want: 1.52.0
282 silly placeDep ROOT ee-first@1.1.1 OK for: on-finished@2.4.1 want: 1.1.1
283 silly placeDep ROOT forwarded@0.2.0 OK for: proxy-addr@2.0.7 want: 0.2.0
284 silly placeDep ROOT ipaddr.js@1.9.1 OK for: proxy-addr@2.0.7 want: 1.9.1
285 silly placeDep ROOT side-channel@1.1.0 OK for: qs@6.13.0 want: ^1.0.6
286 silly fetch manifest es-errors@^1.3.0
287 silly packumentCache full:https://registry.npmjs.org/es-errors cache-miss
288 silly fetch manifest object-inspect@^1.13.3
289 silly packumentCache full:https://registry.npmjs.org/object-inspect cache-miss
290 silly fetch manifest side-channel-list@^1.0.0
291 silly packumentCache full:https://registry.npmjs.org/side-channel-list cache-miss
292 silly fetch manifest side-channel-map@^1.0.1
293 silly packumentCache full:https://registry.npmjs.org/side-channel-map cache-miss
294 silly fetch manifest side-channel-weakmap@^1.0.2
295 silly packumentCache full:https://registry.npmjs.org/side-channel-weakmap cache-miss
296 http fetch GET 200 https://registry.npmjs.org/side-channel-map 48ms (cache miss)
297 silly packumentCache full:https://registry.npmjs.org/side-channel-map set size:undefined disposed:false
298 http fetch GET 200 https://registry.npmjs.org/object-inspect 48ms (cache miss)
299 silly packumentCache full:https://registry.npmjs.org/object-inspect set size:undefined disposed:false
300 http fetch GET 200 https://registry.npmjs.org/side-channel-list 49ms (cache miss)
301 silly packumentCache full:https://registry.npmjs.org/side-channel-list set size:undefined disposed:false
302 http fetch GET 200 https://registry.npmjs.org/side-channel-weakmap 71ms (cache miss)
303 silly packumentCache full:https://registry.npmjs.org/side-channel-weakmap set size:undefined disposed:false
304 http fetch GET 200 https://registry.npmjs.org/es-errors 71ms (cache miss)
305 silly packumentCache full:https://registry.npmjs.org/es-errors set size:undefined disposed:false
306 silly placeDep node_modules/send encodeurl@1.0.2 OK for: send@0.19.0 want: ~1.0.2
307 silly placeDep ROOT mime@1.6.0 OK for: send@0.19.0 want: 1.6.0
308 silly placeDep node_modules/send ms@2.1.3 OK for: send@0.19.0 want: 2.1.3
309 silly placeDep ROOT es-errors@1.3.0 OK for: side-channel@1.1.0 want: ^1.3.0
310 silly placeDep ROOT object-inspect@1.13.3 OK for: side-channel@1.1.0 want: ^1.13.3
311 silly placeDep ROOT side-channel-list@1.0.0 OK for: side-channel@1.1.0 want: ^1.0.0
312 silly placeDep ROOT side-channel-map@1.0.1 OK for: side-channel@1.1.0 want: ^1.0.1
313 silly placeDep ROOT side-channel-weakmap@1.0.2 OK for: side-channel@1.1.0 want: ^1.0.2
314 silly fetch manifest call-bound@^1.0.2
315 silly packumentCache full:https://registry.npmjs.org/call-bound cache-miss
316 silly fetch manifest get-intrinsic@^1.2.5
317 silly packumentCache full:https://registry.npmjs.org/get-intrinsic cache-miss
318 silly fetch manifest call-bound@^1.0.2
319 silly packumentCache full:https://registry.npmjs.org/call-bound cache-miss
320 silly fetch manifest get-intrinsic@^1.2.5
321 silly packumentCache full:https://registry.npmjs.org/get-intrinsic cache-miss
322 http fetch GET 200 https://registry.npmjs.org/call-bound 31ms (cache miss)
323 silly packumentCache full:https://registry.npmjs.org/call-bound set size:undefined disposed:false
324 http fetch GET 200 https://registry.npmjs.org/call-bound 33ms (cache miss)
325 silly packumentCache full:https://registry.npmjs.org/call-bound set size:undefined disposed:false
326 http fetch GET 200 https://registry.npmjs.org/get-intrinsic 47ms (cache miss)
327 silly packumentCache full:https://registry.npmjs.org/get-intrinsic set size:undefined disposed:false
328 http fetch GET 200 https://registry.npmjs.org/get-intrinsic 53ms (cache miss)
329 silly packumentCache full:https://registry.npmjs.org/get-intrinsic set size:undefined disposed:false
330 silly placeDep ROOT call-bound@1.0.3 OK for: side-channel-map@1.0.1 want: ^1.0.2
331 silly placeDep ROOT get-intrinsic@1.2.6 OK for: side-channel-map@1.0.1 want: ^1.2.5
332 silly fetch manifest call-bind-apply-helpers@^1.0.1
333 silly packumentCache full:https://registry.npmjs.org/call-bind-apply-helpers cache-miss
334 silly fetch manifest get-intrinsic@^1.2.6
335 silly packumentCache full:https://registry.npmjs.org/get-intrinsic cache-miss
336 silly fetch manifest call-bind-apply-helpers@^1.0.1
337 silly packumentCache full:https://registry.npmjs.org/call-bind-apply-helpers cache-miss
338 silly fetch manifest dunder-proto@^1.0.0
339 silly packumentCache full:https://registry.npmjs.org/dunder-proto cache-miss
340 silly fetch manifest es-define-property@^1.0.1
341 silly packumentCache full:https://registry.npmjs.org/es-define-property cache-miss
342 silly fetch manifest es-object-atoms@^1.0.0
343 silly packumentCache full:https://registry.npmjs.org/es-object-atoms cache-miss
344 silly fetch manifest function-bind@^1.1.2
345 silly packumentCache full:https://registry.npmjs.org/function-bind cache-miss
346 silly fetch manifest gopd@^1.2.0
347 silly packumentCache full:https://registry.npmjs.org/gopd cache-miss
348 silly fetch manifest has-symbols@^1.1.0
349 silly packumentCache full:https://registry.npmjs.org/has-symbols cache-miss
350 silly fetch manifest hasown@^2.0.2
351 silly packumentCache full:https://registry.npmjs.org/hasown cache-miss
352 silly fetch manifest math-intrinsics@^1.0.0
353 silly packumentCache full:https://registry.npmjs.org/math-intrinsics cache-miss
354 http cache https://registry.npmjs.org/get-intrinsic 6ms (cache hit)
355 silly packumentCache full:https://registry.npmjs.org/get-intrinsic set size:51279 disposed:false
356 http fetch GET 200 https://registry.npmjs.org/es-define-property 30ms (cache miss)
357 silly packumentCache full:https://registry.npmjs.org/es-define-property set size:undefined disposed:false
358 http fetch GET 200 https://registry.npmjs.org/call-bind-apply-helpers 32ms (cache miss)
359 silly packumentCache full:https://registry.npmjs.org/call-bind-apply-helpers set size:undefined disposed:false
360 http fetch GET 200 https://registry.npmjs.org/function-bind 35ms (cache miss)
361 silly packumentCache full:https://registry.npmjs.org/function-bind set size:undefined disposed:false
362 http fetch GET 200 https://registry.npmjs.org/has-symbols 37ms (cache miss)
363 silly packumentCache full:https://registry.npmjs.org/has-symbols set size:undefined disposed:false
364 http fetch GET 200 https://registry.npmjs.org/call-bind-apply-helpers 44ms (cache miss)
365 silly packumentCache full:https://registry.npmjs.org/call-bind-apply-helpers set size:undefined disposed:false
366 http fetch GET 200 https://registry.npmjs.org/dunder-proto 44ms (cache miss)
367 silly packumentCache full:https://registry.npmjs.org/dunder-proto set size:undefined disposed:false
368 http fetch GET 200 https://registry.npmjs.org/hasown 47ms (cache miss)
369 silly packumentCache full:https://registry.npmjs.org/hasown set size:undefined disposed:false
370 http fetch GET 200 https://registry.npmjs.org/gopd 49ms (cache miss)
371 silly packumentCache full:https://registry.npmjs.org/gopd set size:undefined disposed:false
372 http fetch GET 200 https://registry.npmjs.org/math-intrinsics 51ms (cache miss)
373 silly packumentCache full:https://registry.npmjs.org/math-intrinsics set size:undefined disposed:false
374 http fetch GET 200 https://registry.npmjs.org/es-object-atoms 65ms (cache miss)
375 silly packumentCache full:https://registry.npmjs.org/es-object-atoms set size:undefined disposed:false
376 silly placeDep ROOT call-bind-apply-helpers@1.0.1 OK for: call-bound@1.0.3 want: ^1.0.1
377 silly placeDep ROOT function-bind@1.1.2 OK for: call-bind-apply-helpers@1.0.1 want: ^1.1.2
378 silly placeDep ROOT dunder-proto@1.0.1 OK for: get-intrinsic@1.2.6 want: ^1.0.0
379 silly placeDep ROOT es-define-property@1.0.1 OK for: get-intrinsic@1.2.6 want: ^1.0.1
380 silly placeDep ROOT es-object-atoms@1.0.0 OK for: get-intrinsic@1.2.6 want: ^1.0.0
381 silly placeDep ROOT gopd@1.2.0 OK for: get-intrinsic@1.2.6 want: ^1.2.0
382 silly placeDep ROOT has-symbols@1.1.0 OK for: get-intrinsic@1.2.6 want: ^1.1.0
383 silly placeDep ROOT hasown@2.0.2 OK for: get-intrinsic@1.2.6 want: ^2.0.2
384 silly placeDep ROOT math-intrinsics@1.1.0 OK for: get-intrinsic@1.2.6 want: ^1.0.0
385 silly placeDep ROOT media-typer@0.3.0 OK for: type-is@1.6.18 want: 0.3.0
386 silly reify moves {}
387 silly audit bulk request {
387 silly audit   '@discordjs/builders': [ '1.9.0' ],
387 silly audit   'discord-api-types': [ '0.37.97', '0.37.83', '0.37.111', '0.37.100' ],
387 silly audit   '@discordjs/collection': [ '1.5.3', '2.1.1' ],
387 silly audit   '@discordjs/formatters': [ '0.5.0' ],
387 silly audit   '@discordjs/rest': [ '2.4.0' ],
387 silly audit   '@discordjs/util': [ '1.1.1' ],
387 silly audit   '@discordjs/ws': [ '1.1.1' ],
387 silly audit   '@sapphire/async-queue': [ '1.5.5' ],
387 silly audit   '@sapphire/shapeshift': [ '4.0.0' ],
387 silly audit   '@sapphire/snowflake': [ '3.5.3' ],
387 silly audit   '@types/node': [ '22.10.2' ],
387 silly audit   '@types/ws': [ '8.5.13' ],
387 silly audit   '@vladfrangu/async_event_emitter': [ '2.4.6' ],
387 silly audit   'discord.js': [ '14.16.3' ],
387 silly audit   dotenv: [ '16.4.7' ],
387 silly audit   'fast-deep-equal': [ '3.1.3' ],
387 silly audit   lodash: [ '4.17.21' ],
387 silly audit   'lodash.snakecase': [ '4.1.1' ],
387 silly audit   'magic-bytes.js': [ '1.10.0' ],
387 silly audit   'node-fetch': [ '2.7.0' ],
387 silly audit   tr46: [ '0.0.3' ],
387 silly audit   'ts-mixer': [ '6.0.4' ],
387 silly audit   tslib: [ '2.8.1' ],
387 silly audit   undici: [ '6.19.8' ],
387 silly audit   'undici-types': [ '6.20.0' ],
387 silly audit   'webidl-conversions': [ '3.0.1' ],
387 silly audit   'whatwg-url': [ '5.0.0' ],
387 silly audit   ws: [ '8.18.0' ],
387 silly audit   express: [ '4.21.2' ],
387 silly audit   accepts: [ '1.3.8' ],
387 silly audit   'array-flatten': [ '1.1.1' ],
387 silly audit   'body-parser': [ '1.20.3' ],
387 silly audit   'content-disposition': [ '0.5.4' ],
387 silly audit   'content-type': [ '1.0.5' ],
387 silly audit   cookie: [ '0.7.1' ],
387 silly audit   'cookie-signature': [ '1.0.6' ],
387 silly audit   debug: [ '2.6.9' ],
387 silly audit   depd: [ '2.0.0' ],
387 silly audit   encodeurl: [ '2.0.0', '1.0.2' ],
387 silly audit   'escape-html': [ '1.0.3' ],
387 silly audit   etag: [ '1.8.1' ],
387 silly audit   finalhandler: [ '1.3.1' ],
387 silly audit   fresh: [ '0.5.2' ],
387 silly audit   'http-errors': [ '2.0.0' ],
387 silly audit   'merge-descriptors': [ '1.0.3' ],
387 silly audit   methods: [ '1.1.2' ],
387 silly audit   'on-finished': [ '2.4.1' ],
387 silly audit   parseurl: [ '1.3.3' ],
387 silly audit   'path-to-regexp': [ '0.1.12' ],
387 silly audit   'proxy-addr': [ '2.0.7' ],
387 silly audit   qs: [ '6.13.0' ],
387 silly audit   'range-parser': [ '1.2.1' ],
387 silly audit   'safe-buffer': [ '5.2.1' ],
387 silly audit   send: [ '0.19.0' ],
387 silly audit   'serve-static': [ '1.16.2' ],
387 silly audit   setprototypeof: [ '1.2.0' ],
387 silly audit   statuses: [ '2.0.1' ],
387 silly audit   'type-is': [ '1.6.18' ],
387 silly audit   'utils-merge': [ '1.0.1' ],
387 silly audit   vary: [ '1.1.2' ],
387 silly audit   'mime-types': [ '2.1.35' ],
387 silly audit   negotiator: [ '0.6.3' ],
387 silly audit   bytes: [ '3.1.2' ],
387 silly audit   destroy: [ '1.2.0' ],
387 silly audit   'iconv-lite': [ '0.4.24' ],
387 silly audit   'raw-body': [ '2.5.2' ],
387 silly audit   unpipe: [ '1.0.0' ],
387 silly audit   ms: [ '2.0.0', '2.1.3' ],
387 silly audit   inherits: [ '2.0.4' ],
387 silly audit   toidentifier: [ '1.0.1' ],
387 silly audit   'safer-buffer': [ '2.1.2' ],
387 silly audit   'mime-db': [ '1.52.0' ],
387 silly audit   'ee-first': [ '1.1.1' ],
387 silly audit   forwarded: [ '0.2.0' ],
387 silly audit   'ipaddr.js': [ '1.9.1' ],
387 silly audit   'side-channel': [ '1.1.0' ],
387 silly audit   mime: [ '1.6.0' ],
387 silly audit   'es-errors': [ '1.3.0' ],
387 silly audit   'object-inspect': [ '1.13.3' ],
387 silly audit   'side-channel-list': [ '1.0.0' ],
387 silly audit   'side-channel-map': [ '1.0.1' ],
387 silly audit   'side-channel-weakmap': [ '1.0.2' ],
387 silly audit   'call-bound': [ '1.0.3' ],
387 silly audit   'get-intrinsic': [ '1.2.6' ],
387 silly audit   'call-bind-apply-helpers': [ '1.0.1' ],
387 silly audit   'function-bind': [ '1.1.2' ],
387 silly audit   'dunder-proto': [ '1.0.1' ],
387 silly audit   'es-define-property': [ '1.0.1' ],
387 silly audit   'es-object-atoms': [ '1.0.0' ],
387 silly audit   gopd: [ '1.2.0' ],
387 silly audit   'has-symbols': [ '1.1.0' ],
387 silly audit   hasown: [ '2.0.2' ],
387 silly audit   'math-intrinsics': [ '1.1.0' ],
387 silly audit   'media-typer': [ '0.3.0' ]
387 silly audit }
388 http cache media-typer@https://registry.npmjs.org/media-typer/-/media-typer-0.3.0.tgz 0ms (cache hit)
389 http cache hasown@https://registry.npmjs.org/hasown/-/hasown-2.0.2.tgz 0ms (cache hit)
390 http cache math-intrinsics@https://registry.npmjs.org/math-intrinsics/-/math-intrinsics-1.1.0.tgz 0ms (cache hit)
391 http cache has-symbols@https://registry.npmjs.org/has-symbols/-/has-symbols-1.1.0.tgz 0ms (cache hit)
392 http cache es-object-atoms@https://registry.npmjs.org/es-object-atoms/-/es-object-atoms-1.0.0.tgz 0ms (cache hit)
393 http cache es-define-property@https://registry.npmjs.org/es-define-property/-/es-define-property-1.0.1.tgz 0ms (cache hit)
394 http cache function-bind@https://registry.npmjs.org/function-bind/-/function-bind-1.1.2.tgz 0ms (cache hit)
395 http cache dunder-proto@https://registry.npmjs.org/dunder-proto/-/dunder-proto-1.0.1.tgz 0ms (cache hit)
396 http cache gopd@https://registry.npmjs.org/gopd/-/gopd-1.2.0.tgz 0ms (cache hit)
397 http cache call-bind-apply-helpers@https://registry.npmjs.org/call-bind-apply-helpers/-/call-bind-apply-helpers-1.0.1.tgz 0ms (cache hit)
398 http cache get-intrinsic@https://registry.npmjs.org/get-intrinsic/-/get-intrinsic-1.2.6.tgz 0ms (cache hit)
399 http cache call-bound@https://registry.npmjs.org/call-bound/-/call-bound-1.0.3.tgz 0ms (cache hit)
400 http cache side-channel-weakmap@https://registry.npmjs.org/side-channel-weakmap/-/side-channel-weakmap-1.0.2.tgz 0ms (cache hit)
401 http cache side-channel-map@https://registry.npmjs.org/side-channel-map/-/side-channel-map-1.0.1.tgz 0ms (cache hit)
402 http cache side-channel-list@https://registry.npmjs.org/side-channel-list/-/side-channel-list-1.0.0.tgz 0ms (cache hit)
403 http cache es-errors@https://registry.npmjs.org/es-errors/-/es-errors-1.3.0.tgz 0ms (cache hit)
404 http cache mime@https://registry.npmjs.org/mime/-/mime-1.6.0.tgz 0ms (cache hit)
405 http cache object-inspect@https://registry.npmjs.org/object-inspect/-/object-inspect-1.13.3.tgz 0ms (cache hit)
406 http cache side-channel@https://registry.npmjs.org/side-channel/-/side-channel-1.1.0.tgz 0ms (cache hit)
407 http cache ipaddr.js@https://registry.npmjs.org/ipaddr.js/-/ipaddr.js-1.9.1.tgz 0ms (cache hit)
408 http cache forwarded@https://registry.npmjs.org/forwarded/-/forwarded-0.2.0.tgz 0ms (cache hit)
409 http cache ee-first@https://registry.npmjs.org/ee-first/-/ee-first-1.1.1.tgz 0ms (cache hit)
410 http cache mime-db@https://registry.npmjs.org/mime-db/-/mime-db-1.52.0.tgz 0ms (cache hit)
411 http cache safer-buffer@https://registry.npmjs.org/safer-buffer/-/safer-buffer-2.1.2.tgz 0ms (cache hit)
412 http cache toidentifier@https://registry.npmjs.org/toidentifier/-/toidentifier-1.0.1.tgz 0ms (cache hit)
413 http cache inherits@https://registry.npmjs.org/inherits/-/inherits-2.0.4.tgz 0ms (cache hit)
414 http cache ms@https://registry.npmjs.org/ms/-/ms-2.0.0.tgz 0ms (cache hit)
415 http cache unpipe@https://registry.npmjs.org/unpipe/-/unpipe-1.0.0.tgz 0ms (cache hit)
416 http cache raw-body@https://registry.npmjs.org/raw-body/-/raw-body-2.5.2.tgz 0ms (cache hit)
417 http cache iconv-lite@https://registry.npmjs.org/iconv-lite/-/iconv-lite-0.4.24.tgz 0ms (cache hit)
418 http cache destroy@https://registry.npmjs.org/destroy/-/destroy-1.2.0.tgz 0ms (cache hit)
419 http cache bytes@https://registry.npmjs.org/bytes/-/bytes-3.1.2.tgz 0ms (cache hit)
420 http cache negotiator@https://registry.npmjs.org/negotiator/-/negotiator-0.6.3.tgz 0ms (cache hit)
421 http cache mime-types@https://registry.npmjs.org/mime-types/-/mime-types-2.1.35.tgz 0ms (cache hit)
422 http cache vary@https://registry.npmjs.org/vary/-/vary-1.1.2.tgz 0ms (cache hit)
423 http cache type-is@https://registry.npmjs.org/type-is/-/type-is-1.6.18.tgz 0ms (cache hit)
424 http cache statuses@https://registry.npmjs.org/statuses/-/statuses-2.0.1.tgz 0ms (cache hit)
425 http cache setprototypeof@https://registry.npmjs.org/setprototypeof/-/setprototypeof-1.2.0.tgz 0ms (cache hit)
426 http cache utils-merge@https://registry.npmjs.org/utils-merge/-/utils-merge-1.0.1.tgz 0ms (cache hit)
427 http cache serve-static@https://registry.npmjs.org/serve-static/-/serve-static-1.16.2.tgz 0ms (cache hit)
428 http cache send@https://registry.npmjs.org/send/-/send-0.19.0.tgz 0ms (cache hit)
429 http cache safe-buffer@https://registry.npmjs.org/safe-buffer/-/safe-buffer-5.2.1.tgz 0ms (cache hit)
430 http cache range-parser@https://registry.npmjs.org/range-parser/-/range-parser-1.2.1.tgz 0ms (cache hit)
431 http cache qs@https://registry.npmjs.org/qs/-/qs-6.13.0.tgz 0ms (cache hit)
432 http cache proxy-addr@https://registry.npmjs.org/proxy-addr/-/proxy-addr-2.0.7.tgz 0ms (cache hit)
433 http cache path-to-regexp@https://registry.npmjs.org/path-to-regexp/-/path-to-regexp-0.1.12.tgz 0ms (cache hit)
434 http cache parseurl@https://registry.npmjs.org/parseurl/-/parseurl-1.3.3.tgz 0ms (cache hit)
435 http cache on-finished@https://registry.npmjs.org/on-finished/-/on-finished-2.4.1.tgz 0ms (cache hit)
436 http cache methods@https://registry.npmjs.org/methods/-/methods-1.1.2.tgz 0ms (cache hit)
437 http cache merge-descriptors@https://registry.npmjs.org/merge-descriptors/-/merge-descriptors-1.0.3.tgz 0ms (cache hit)
438 http cache http-errors@https://registry.npmjs.org/http-errors/-/http-errors-2.0.0.tgz 0ms (cache hit)
439 http cache fresh@https://registry.npmjs.org/fresh/-/fresh-0.5.2.tgz 0ms (cache hit)
440 http cache finalhandler@https://registry.npmjs.org/finalhandler/-/finalhandler-1.3.1.tgz 0ms (cache hit)
441 http cache etag@https://registry.npmjs.org/etag/-/etag-1.8.1.tgz 0ms (cache hit)
442 http cache escape-html@https://registry.npmjs.org/escape-html/-/escape-html-1.0.3.tgz 0ms (cache hit)
443 http cache encodeurl@https://registry.npmjs.org/encodeurl/-/encodeurl-2.0.0.tgz 0ms (cache hit)
444 http cache depd@https://registry.npmjs.org/depd/-/depd-2.0.0.tgz 0ms (cache hit)
445 http cache debug@https://registry.npmjs.org/debug/-/debug-2.6.9.tgz 0ms (cache hit)
446 http cache cookie-signature@https://registry.npmjs.org/cookie-signature/-/cookie-signature-1.0.6.tgz 0ms (cache hit)
447 http cache cookie@https://registry.npmjs.org/cookie/-/cookie-0.7.1.tgz 0ms (cache hit)
448 http cache content-type@https://registry.npmjs.org/content-type/-/content-type-1.0.5.tgz 0ms (cache hit)
449 http cache content-disposition@https://registry.npmjs.org/content-disposition/-/content-disposition-0.5.4.tgz 0ms (cache hit)
450 http cache body-parser@https://registry.npmjs.org/body-parser/-/body-parser-1.20.3.tgz 0ms (cache hit)
451 http cache array-flatten@https://registry.npmjs.org/array-flatten/-/array-flatten-1.1.1.tgz 0ms (cache hit)
452 http cache ms@https://registry.npmjs.org/ms/-/ms-2.1.3.tgz 0ms (cache hit)
453 http cache accepts@https://registry.npmjs.org/accepts/-/accepts-1.3.8.tgz 0ms (cache hit)
454 silly tarball no local data for media-typer@https://registry.npmjs.org/media-typer/-/media-typer-0.3.0.tgz. Extracting by manifest.
455 http cache encodeurl@https://registry.npmjs.org/encodeurl/-/encodeurl-1.0.2.tgz 0ms (cache hit)
456 silly tarball no local data for hasown@https://registry.npmjs.org/hasown/-/hasown-2.0.2.tgz. Extracting by manifest.
457 http cache express@https://registry.npmjs.org/express/-/express-4.21.2.tgz 0ms (cache hit)
458 silly tarball no local data for math-intrinsics@https://registry.npmjs.org/math-intrinsics/-/math-intrinsics-1.1.0.tgz. Extracting by manifest.
459 silly tarball no local data for has-symbols@https://registry.npmjs.org/has-symbols/-/has-symbols-1.1.0.tgz. Extracting by manifest.
460 silly tarball no local data for es-object-atoms@https://registry.npmjs.org/es-object-atoms/-/es-object-atoms-1.0.0.tgz. Extracting by manifest.
461 silly tarball no local data for es-define-property@https://registry.npmjs.org/es-define-property/-/es-define-property-1.0.1.tgz. Extracting by manifest.
462 silly tarball no local data for function-bind@https://registry.npmjs.org/function-bind/-/function-bind-1.1.2.tgz. Extracting by manifest.
463 silly tarball no local data for dunder-proto@https://registry.npmjs.org/dunder-proto/-/dunder-proto-1.0.1.tgz. Extracting by manifest.
464 silly tarball no local data for gopd@https://registry.npmjs.org/gopd/-/gopd-1.2.0.tgz. Extracting by manifest.
465 silly tarball no local data for call-bind-apply-helpers@https://registry.npmjs.org/call-bind-apply-helpers/-/call-bind-apply-helpers-1.0.1.tgz. Extracting by manifest.
466 silly tarball no local data for get-intrinsic@https://registry.npmjs.org/get-intrinsic/-/get-intrinsic-1.2.6.tgz. Extracting by manifest.
467 silly tarball no local data for call-bound@https://registry.npmjs.org/call-bound/-/call-bound-1.0.3.tgz. Extracting by manifest.
468 silly tarball no local data for side-channel-weakmap@https://registry.npmjs.org/side-channel-weakmap/-/side-channel-weakmap-1.0.2.tgz. Extracting by manifest.
469 silly tarball no local data for side-channel-map@https://registry.npmjs.org/side-channel-map/-/side-channel-map-1.0.1.tgz. Extracting by manifest.
470 silly tarball no local data for side-channel-list@https://registry.npmjs.org/side-channel-list/-/side-channel-list-1.0.0.tgz. Extracting by manifest.
471 silly tarball no local data for es-errors@https://registry.npmjs.org/es-errors/-/es-errors-1.3.0.tgz. Extracting by manifest.
472 silly tarball no local data for mime@https://registry.npmjs.org/mime/-/mime-1.6.0.tgz. Extracting by manifest.
473 silly tarball no local data for object-inspect@https://registry.npmjs.org/object-inspect/-/object-inspect-1.13.3.tgz. Extracting by manifest.
474 silly tarball no local data for side-channel@https://registry.npmjs.org/side-channel/-/side-channel-1.1.0.tgz. Extracting by manifest.
475 silly tarball no local data for ipaddr.js@https://registry.npmjs.org/ipaddr.js/-/ipaddr.js-1.9.1.tgz. Extracting by manifest.
476 silly tarball no local data for forwarded@https://registry.npmjs.org/forwarded/-/forwarded-0.2.0.tgz. Extracting by manifest.
477 silly tarball no local data for ee-first@https://registry.npmjs.org/ee-first/-/ee-first-1.1.1.tgz. Extracting by manifest.
478 silly tarball no local data for mime-db@https://registry.npmjs.org/mime-db/-/mime-db-1.52.0.tgz. Extracting by manifest.
479 silly tarball no local data for safer-buffer@https://registry.npmjs.org/safer-buffer/-/safer-buffer-2.1.2.tgz. Extracting by manifest.
480 silly tarball no local data for toidentifier@https://registry.npmjs.org/toidentifier/-/toidentifier-1.0.1.tgz. Extracting by manifest.
481 silly tarball no local data for inherits@https://registry.npmjs.org/inherits/-/inherits-2.0.4.tgz. Extracting by manifest.
482 silly tarball no local data for ms@https://registry.npmjs.org/ms/-/ms-2.0.0.tgz. Extracting by manifest.
483 silly tarball no local data for unpipe@https://registry.npmjs.org/unpipe/-/unpipe-1.0.0.tgz. Extracting by manifest.
484 silly tarball no local data for raw-body@https://registry.npmjs.org/raw-body/-/raw-body-2.5.2.tgz. Extracting by manifest.
485 silly tarball no local data for iconv-lite@https://registry.npmjs.org/iconv-lite/-/iconv-lite-0.4.24.tgz. Extracting by manifest.
486 silly tarball no local data for destroy@https://registry.npmjs.org/destroy/-/destroy-1.2.0.tgz. Extracting by manifest.
487 silly tarball no local data for bytes@https://registry.npmjs.org/bytes/-/bytes-3.1.2.tgz. Extracting by manifest.
488 silly tarball no local data for negotiator@https://registry.npmjs.org/negotiator/-/negotiator-0.6.3.tgz. Extracting by manifest.
489 silly tarball no local data for mime-types@https://registry.npmjs.org/mime-types/-/mime-types-2.1.35.tgz. Extracting by manifest.
490 silly tarball no local data for vary@https://registry.npmjs.org/vary/-/vary-1.1.2.tgz. Extracting by manifest.
491 silly tarball no local data for type-is@https://registry.npmjs.org/type-is/-/type-is-1.6.18.tgz. Extracting by manifest.
492 silly tarball no local data for statuses@https://registry.npmjs.org/statuses/-/statuses-2.0.1.tgz. Extracting by manifest.
493 silly tarball no local data for setprototypeof@https://registry.npmjs.org/setprototypeof/-/setprototypeof-1.2.0.tgz. Extracting by manifest.
494 silly tarball no local data for utils-merge@https://registry.npmjs.org/utils-merge/-/utils-merge-1.0.1.tgz. Extracting by manifest.
495 silly tarball no local data for serve-static@https://registry.npmjs.org/serve-static/-/serve-static-1.16.2.tgz. Extracting by manifest.
496 silly tarball no local data for send@https://registry.npmjs.org/send/-/send-0.19.0.tgz. Extracting by manifest.
497 silly tarball no local data for safe-buffer@https://registry.npmjs.org/safe-buffer/-/safe-buffer-5.2.1.tgz. Extracting by manifest.
498 silly tarball no local data for range-parser@https://registry.npmjs.org/range-parser/-/range-parser-1.2.1.tgz. Extracting by manifest.
499 silly tarball no local data for qs@https://registry.npmjs.org/qs/-/qs-6.13.0.tgz. Extracting by manifest.
500 silly tarball no local data for proxy-addr@https://registry.npmjs.org/proxy-addr/-/proxy-addr-2.0.7.tgz. Extracting by manifest.
501 silly tarball no local data for path-to-regexp@https://registry.npmjs.org/path-to-regexp/-/path-to-regexp-0.1.12.tgz. Extracting by manifest.
502 silly tarball no local data for parseurl@https://registry.npmjs.org/parseurl/-/parseurl-1.3.3.tgz. Extracting by manifest.
503 silly tarball no local data for on-finished@https://registry.npmjs.org/on-finished/-/on-finished-2.4.1.tgz. Extracting by manifest.
504 silly tarball no local data for methods@https://registry.npmjs.org/methods/-/methods-1.1.2.tgz. Extracting by manifest.
505 silly tarball no local data for merge-descriptors@https://registry.npmjs.org/merge-descriptors/-/merge-descriptors-1.0.3.tgz. Extracting by manifest.
506 silly tarball no local data for http-errors@https://registry.npmjs.org/http-errors/-/http-errors-2.0.0.tgz. Extracting by manifest.
507 silly tarball no local data for fresh@https://registry.npmjs.org/fresh/-/fresh-0.5.2.tgz. Extracting by manifest.
508 silly tarball no local data for finalhandler@https://registry.npmjs.org/finalhandler/-/finalhandler-1.3.1.tgz. Extracting by manifest.
509 silly tarball no local data for etag@https://registry.npmjs.org/etag/-/etag-1.8.1.tgz. Extracting by manifest.
510 silly tarball no local data for escape-html@https://registry.npmjs.org/escape-html/-/escape-html-1.0.3.tgz. Extracting by manifest.
511 silly tarball no local data for encodeurl@https://registry.npmjs.org/encodeurl/-/encodeurl-2.0.0.tgz. Extracting by manifest.
512 silly tarball no local data for depd@https://registry.npmjs.org/depd/-/depd-2.0.0.tgz. Extracting by manifest.
513 silly tarball no local data for debug@https://registry.npmjs.org/debug/-/debug-2.6.9.tgz. Extracting by manifest.
514 silly tarball no local data for cookie-signature@https://registry.npmjs.org/cookie-signature/-/cookie-signature-1.0.6.tgz. Extracting by manifest.
515 silly tarball no local data for cookie@https://registry.npmjs.org/cookie/-/cookie-0.7.1.tgz. Extracting by manifest.
516 silly tarball no local data for content-type@https://registry.npmjs.org/content-type/-/content-type-1.0.5.tgz. Extracting by manifest.
517 silly tarball no local data for content-disposition@https://registry.npmjs.org/content-disposition/-/content-disposition-0.5.4.tgz. Extracting by manifest.
518 silly tarball no local data for body-parser@https://registry.npmjs.org/body-parser/-/body-parser-1.20.3.tgz. Extracting by manifest.
519 silly tarball no local data for array-flatten@https://registry.npmjs.org/array-flatten/-/array-flatten-1.1.1.tgz. Extracting by manifest.
520 silly tarball no local data for ms@https://registry.npmjs.org/ms/-/ms-2.1.3.tgz. Extracting by manifest.
521 silly tarball no local data for accepts@https://registry.npmjs.org/accepts/-/accepts-1.3.8.tgz. Extracting by manifest.
522 silly tarball no local data for encodeurl@https://registry.npmjs.org/encodeurl/-/encodeurl-1.0.2.tgz. Extracting by manifest.
523 silly tarball no local data for express@https://registry.npmjs.org/express/-/express-4.21.2.tgz. Extracting by manifest.
524 http fetch GET 200 https://registry.npmjs.org/hasown/-/hasown-2.0.2.tgz 63ms (cache miss)
525 http fetch GET 200 https://registry.npmjs.org/media-typer/-/media-typer-0.3.0.tgz 66ms (cache miss)
526 http fetch GET 200 https://registry.npmjs.org/function-bind/-/function-bind-1.1.2.tgz 70ms (cache miss)
527 http fetch GET 200 https://registry.npmjs.org/get-intrinsic/-/get-intrinsic-1.2.6.tgz 84ms (cache miss)
528 http fetch GET 200 https://registry.npmjs.org/es-define-property/-/es-define-property-1.0.1.tgz 85ms (cache miss)
529 http fetch GET 200 https://registry.npmjs.org/forwarded/-/forwarded-0.2.0.tgz 95ms (cache miss)
530 http fetch GET 200 https://registry.npmjs.org/side-channel-map/-/side-channel-map-1.0.1.tgz 97ms (cache miss)
531 http fetch GET 200 https://registry.npmjs.org/gopd/-/gopd-1.2.0.tgz 98ms (cache miss)
532 http fetch GET 200 https://registry.npmjs.org/es-object-atoms/-/es-object-atoms-1.0.0.tgz 100ms (cache miss)
533 http fetch GET 200 https://registry.npmjs.org/side-channel-weakmap/-/side-channel-weakmap-1.0.2.tgz 99ms (cache miss)
534 http fetch GET 200 https://registry.npmjs.org/toidentifier/-/toidentifier-1.0.1.tgz 103ms (cache miss)
535 http fetch GET 200 https://registry.npmjs.org/ipaddr.js/-/ipaddr.js-1.9.1.tgz 106ms (cache miss)
536 http fetch GET 200 https://registry.npmjs.org/ee-first/-/ee-first-1.1.1.tgz 108ms (cache miss)
537 http fetch GET 200 https://registry.npmjs.org/ms/-/ms-2.0.0.tgz 108ms (cache miss)
538 http fetch GET 200 https://registry.npmjs.org/inherits/-/inherits-2.0.4.tgz 112ms (cache miss)
539 http fetch GET 200 https://registry.npmjs.org/unpipe/-/unpipe-1.0.0.tgz 112ms (cache miss)
540 http fetch GET 200 https://registry.npmjs.org/mime/-/mime-1.6.0.tgz 113ms (cache miss)
541 http fetch GET 200 https://registry.npmjs.org/safer-buffer/-/safer-buffer-2.1.2.tgz 116ms (cache miss)
542 http fetch GET 200 https://registry.npmjs.org/dunder-proto/-/dunder-proto-1.0.1.tgz 118ms (cache miss)
543 http fetch GET 200 https://registry.npmjs.org/destroy/-/destroy-1.2.0.tgz 117ms (cache miss)
544 http fetch GET 200 https://registry.npmjs.org/side-channel-list/-/side-channel-list-1.0.0.tgz 119ms (cache miss)
545 http fetch GET 200 https://registry.npmjs.org/bytes/-/bytes-3.1.2.tgz 123ms (cache miss)
546 http fetch GET 200 https://registry.npmjs.org/has-symbols/-/has-symbols-1.1.0.tgz 128ms (cache miss)
547 http fetch GET 200 https://registry.npmjs.org/mime-types/-/mime-types-2.1.35.tgz 126ms (cache miss)
548 http fetch GET 200 https://registry.npmjs.org/call-bound/-/call-bound-1.0.3.tgz 133ms (cache miss)
549 http fetch GET 200 https://registry.npmjs.org/mime-db/-/mime-db-1.52.0.tgz 132ms (cache miss)
550 http fetch GET 200 https://registry.npmjs.org/side-channel/-/side-channel-1.1.0.tgz 133ms (cache miss)
551 http fetch GET 200 https://registry.npmjs.org/raw-body/-/raw-body-2.5.2.tgz 136ms (cache miss)
552 http fetch GET 200 https://registry.npmjs.org/vary/-/vary-1.1.2.tgz 136ms (cache miss)
553 http fetch GET 200 https://registry.npmjs.org/call-bind-apply-helpers/-/call-bind-apply-helpers-1.0.1.tgz 141ms (cache miss)
554 http fetch GET 200 https://registry.npmjs.org/utils-merge/-/utils-merge-1.0.1.tgz 138ms (cache miss)
555 http fetch GET 200 https://registry.npmjs.org/setprototypeof/-/setprototypeof-1.2.0.tgz 139ms (cache miss)
556 http fetch GET 200 https://registry.npmjs.org/safe-buffer/-/safe-buffer-5.2.1.tgz 143ms (cache miss)
557 http fetch GET 200 https://registry.npmjs.org/range-parser/-/range-parser-1.2.1.tgz 147ms (cache miss)
558 http fetch GET 200 https://registry.npmjs.org/serve-static/-/serve-static-1.16.2.tgz 148ms (cache miss)
559 http fetch GET 200 https://registry.npmjs.org/type-is/-/type-is-1.6.18.tgz 148ms (cache miss)
560 http fetch GET 200 https://registry.npmjs.org/proxy-addr/-/proxy-addr-2.0.7.tgz 147ms (cache miss)
561 http fetch GET 200 https://registry.npmjs.org/statuses/-/statuses-2.0.1.tgz 148ms (cache miss)
562 http fetch GET 200 https://registry.npmjs.org/path-to-regexp/-/path-to-regexp-0.1.12.tgz 148ms (cache miss)
563 http fetch GET 200 https://registry.npmjs.org/negotiator/-/negotiator-0.6.3.tgz 153ms (cache miss)
564 http fetch GET 200 https://registry.npmjs.org/parseurl/-/parseurl-1.3.3.tgz 162ms (cache miss)
565 http fetch GET 200 https://registry.npmjs.org/es-errors/-/es-errors-1.3.0.tgz 167ms (cache miss)
566 http fetch POST 200 https://registry.npmjs.org/-/npm/v1/security/advisories/bulk 244ms
567 silly audit report {}
568 http fetch GET 200 https://registry.npmjs.org/send/-/send-0.19.0.tgz 234ms (cache miss)
569 http fetch GET 200 https://registry.npmjs.org/escape-html/-/escape-html-1.0.3.tgz 248ms (cache miss)
570 http fetch GET 200 https://registry.npmjs.org/methods/-/methods-1.1.2.tgz 250ms (cache miss)
571 http fetch GET 200 https://registry.npmjs.org/http-errors/-/http-errors-2.0.0.tgz 251ms (cache miss)
572 http fetch GET 200 https://registry.npmjs.org/encodeurl/-/encodeurl-2.0.0.tgz 252ms (cache miss)
573 http fetch GET 200 https://registry.npmjs.org/merge-descriptors/-/merge-descriptors-1.0.3.tgz 252ms (cache miss)
574 http fetch GET 200 https://registry.npmjs.org/cookie-signature/-/cookie-signature-1.0.6.tgz 251ms (cache miss)
575 http fetch GET 200 https://registry.npmjs.org/fresh/-/fresh-0.5.2.tgz 254ms (cache miss)
576 http fetch GET 200 https://registry.npmjs.org/array-flatten/-/array-flatten-1.1.1.tgz 254ms (cache miss)
577 http fetch GET 200 https://registry.npmjs.org/ms/-/ms-2.1.3.tgz 255ms (cache miss)
578 http fetch GET 200 https://registry.npmjs.org/encodeurl/-/encodeurl-1.0.2.tgz 254ms (cache miss)
579 http fetch GET 200 https://registry.npmjs.org/accepts/-/accepts-1.3.8.tgz 256ms (cache miss)
580 http fetch GET 200 https://registry.npmjs.org/finalhandler/-/finalhandler-1.3.1.tgz 257ms (cache miss)
581 http fetch GET 200 https://registry.npmjs.org/content-disposition/-/content-disposition-0.5.4.tgz 256ms (cache miss)
582 http fetch GET 200 https://registry.npmjs.org/etag/-/etag-1.8.1.tgz 257ms (cache miss)
583 http fetch GET 200 https://registry.npmjs.org/cookie/-/cookie-0.7.1.tgz 256ms (cache miss)
584 http fetch GET 200 https://registry.npmjs.org/on-finished/-/on-finished-2.4.1.tgz 259ms (cache miss)
585 http fetch GET 200 https://registry.npmjs.org/content-type/-/content-type-1.0.5.tgz 257ms (cache miss)
586 http fetch GET 200 https://registry.npmjs.org/depd/-/depd-2.0.0.tgz 260ms (cache miss)
587 http fetch GET 200 https://registry.npmjs.org/math-intrinsics/-/math-intrinsics-1.1.0.tgz 269ms (cache miss)
588 http fetch GET 200 https://registry.npmjs.org/object-inspect/-/object-inspect-1.13.3.tgz 276ms (cache miss)
589 http fetch GET 200 https://registry.npmjs.org/body-parser/-/body-parser-1.20.3.tgz 272ms (cache miss)
590 http fetch GET 200 https://registry.npmjs.org/debug/-/debug-2.6.9.tgz 274ms (cache miss)
591 http fetch GET 200 https://registry.npmjs.org/qs/-/qs-6.13.0.tgz 276ms (cache miss)
592 http fetch GET 200 https://registry.npmjs.org/iconv-lite/-/iconv-lite-0.4.24.tgz 280ms (cache miss)
593 http fetch GET 200 https://registry.npmjs.org/express/-/express-4.21.2.tgz 277ms (cache miss)
594 silly ADD node_modules/media-typer
595 silly ADD node_modules/math-intrinsics
596 silly ADD node_modules/hasown
597 silly ADD node_modules/has-symbols
598 silly ADD node_modules/gopd
599 silly ADD node_modules/es-object-atoms
600 silly ADD node_modules/es-define-property
601 silly ADD node_modules/dunder-proto
602 silly ADD node_modules/function-bind
603 silly ADD node_modules/call-bind-apply-helpers
604 silly ADD node_modules/get-intrinsic
605 silly ADD node_modules/call-bound
606 silly ADD node_modules/side-channel-weakmap
607 silly ADD node_modules/side-channel-map
608 silly ADD node_modules/side-channel-list
609 silly ADD node_modules/object-inspect
610 silly ADD node_modules/es-errors
611 silly ADD node_modules/mime
612 silly ADD node_modules/side-channel
613 silly ADD node_modules/ipaddr.js
614 silly ADD node_modules/forwarded
615 silly ADD node_modules/ee-first
616 silly ADD node_modules/mime-db
617 silly ADD node_modules/safer-buffer
618 silly ADD node_modules/toidentifier
619 silly ADD node_modules/inherits
620 silly ADD node_modules/ms
621 silly ADD node_modules/unpipe
622 silly ADD node_modules/raw-body
623 silly ADD node_modules/iconv-lite
624 silly ADD node_modules/destroy
625 silly ADD node_modules/bytes
626 silly ADD node_modules/negotiator
627 silly ADD node_modules/mime-types
628 silly ADD node_modules/vary
629 silly ADD node_modules/utils-merge
630 silly ADD node_modules/type-is
631 silly ADD node_modules/statuses
632 silly ADD node_modules/setprototypeof
633 silly ADD node_modules/serve-static
634 silly ADD node_modules/send
635 silly ADD node_modules/send/node_modules/ms
636 silly ADD node_modules/send/node_modules/encodeurl
637 silly ADD node_modules/safe-buffer
638 silly ADD node_modules/range-parser
639 silly ADD node_modules/qs
640 silly ADD node_modules/proxy-addr
641 silly ADD node_modules/path-to-regexp
642 silly ADD node_modules/parseurl
643 silly ADD node_modules/on-finished
644 silly ADD node_modules/methods
645 silly ADD node_modules/merge-descriptors
646 silly ADD node_modules/http-errors
647 silly ADD node_modules/fresh
648 silly ADD node_modules/finalhandler
649 silly ADD node_modules/etag
650 silly ADD node_modules/escape-html
651 silly ADD node_modules/encodeurl
652 silly ADD node_modules/depd
653 silly ADD node_modules/debug
654 silly ADD node_modules/cookie-signature
655 silly ADD node_modules/cookie
656 silly ADD node_modules/content-type
657 silly ADD node_modules/content-disposition
658 silly ADD node_modules/body-parser
659 silly ADD node_modules/array-flatten
660 silly ADD node_modules/accepts
661 silly ADD node_modules/express
662 verbose cwd C:\Users\mathe\OneDrive\Área de Trabalho\discord
663 verbose os Windows_NT 10.0.26100
664 verbose node v22.11.0
665 verbose npm  v10.9.2
666 verbose exit 0
667 info ok
