0 verbose cli C:\Program Files\nodejs\node.exe C:\Users\mathe\AppData\Roaming\npm\node_modules\npm\bin\npm-cli.js
1 info using npm@10.9.2
2 info using node@v22.11.0
3 silly config load:file:C:\Users\mathe\AppData\Roaming\npm\node_modules\npm\npmrc
4 silly config load:file:C:\Users\mathe\OneDrive\Área de Trabalho\discord\.npmrc
5 silly config load:file:C:\Users\mathe\.npmrc
6 silly config load:file:C:\Users\mathe\AppData\Roaming\npm\etc\npmrc
7 verbose title npm install node-fetch@2
8 verbose argv "install" "node-fetch@2"
9 verbose logfile logs-max:10 dir:C:\Users\mathe\OneDrive\Área de Trabalho\discord\npm-cache\_logs\2024-12-19T11_45_31_616Z-
10 verbose logfile C:\Users\mathe\OneDrive\Área de Trabalho\discord\npm-cache\_logs\2024-12-19T11_45_31_616Z-debug-0.log
11 silly logfile done cleaning log files
12 silly packumentCache heap:4345298944 maxSize:1086324736 maxEntrySize:543162368
13 silly idealTree buildDeps
14 silly fetch manifest node-fetch@2
15 silly packumentCache full:https://registry.npmjs.org/node-fetch cache-miss
16 http cache https://registry.npmjs.org/node-fetch 14ms (cache hit)
17 silly packumentCache full:https://registry.npmjs.org/node-fetch set size:896010 disposed:false
18 silly fetch manifest encoding@^0.1.0
19 silly packumentCache full:https://registry.npmjs.org/encoding cache-miss
20 http fetch GET 200 https://registry.npmjs.org/encoding 104ms (cache miss)
21 silly packumentCache full:https://registry.npmjs.org/encoding set size:undefined disposed:false
22 silly placeDep ROOT node-fetch@2.7.0 OK for: discord@1.0.0 want: 2
23 silly fetch manifest whatwg-url@^5.0.0
24 silly packumentCache full:https://registry.npmjs.org/whatwg-url cache-miss
25 http fetch GET 200 https://registry.npmjs.org/whatwg-url 51ms (cache miss)
26 silly packumentCache full:https://registry.npmjs.org/whatwg-url set size:undefined disposed:false
27 silly placeDep ROOT whatwg-url@5.0.0 OK for: node-fetch@2.7.0 want: ^5.0.0
28 silly fetch manifest tr46@~0.0.3
29 silly packumentCache full:https://registry.npmjs.org/tr46 cache-miss
30 silly fetch manifest webidl-conversions@^3.0.0
31 silly packumentCache full:https://registry.npmjs.org/webidl-conversions cache-miss
32 http fetch GET 200 https://registry.npmjs.org/tr46 41ms (cache miss)
33 silly packumentCache full:https://registry.npmjs.org/tr46 set size:undefined disposed:false
34 http fetch GET 200 https://registry.npmjs.org/webidl-conversions 74ms (cache miss)
35 silly packumentCache full:https://registry.npmjs.org/webidl-conversions set size:undefined disposed:false
36 silly placeDep ROOT tr46@0.0.3 OK for: whatwg-url@5.0.0 want: ~0.0.3
37 silly placeDep ROOT webidl-conversions@3.0.1 OK for: whatwg-url@5.0.0 want: ^3.0.0
38 silly reify moves {}
39 silly audit bulk request {
39 silly audit   '@discordjs/builders': [ '1.9.0' ],
39 silly audit   'discord-api-types': [ '0.37.97', '0.37.83', '0.37.111', '0.37.100' ],
39 silly audit   '@discordjs/collection': [ '1.5.3', '2.1.1' ],
39 silly audit   '@discordjs/formatters': [ '0.5.0' ],
39 silly audit   '@discordjs/rest': [ '2.4.0' ],
39 silly audit   '@discordjs/util': [ '1.1.1' ],
39 silly audit   '@discordjs/ws': [ '1.1.1' ],
39 silly audit   '@sapphire/async-queue': [ '1.5.5' ],
39 silly audit   '@sapphire/shapeshift': [ '4.0.0' ],
39 silly audit   '@sapphire/snowflake': [ '3.5.3' ],
39 silly audit   '@types/node': [ '22.10.2' ],
39 silly audit   '@types/ws': [ '8.5.13' ],
39 silly audit   '@vladfrangu/async_event_emitter': [ '2.4.6' ],
39 silly audit   'discord.js': [ '14.16.3' ],
39 silly audit   dotenv: [ '16.4.7' ],
39 silly audit   'fast-deep-equal': [ '3.1.3' ],
39 silly audit   lodash: [ '4.17.21' ],
39 silly audit   'lodash.snakecase': [ '4.1.1' ],
39 silly audit   'magic-bytes.js': [ '1.10.0' ],
39 silly audit   'ts-mixer': [ '6.0.4' ],
39 silly audit   tslib: [ '2.8.1' ],
39 silly audit   undici: [ '6.19.8' ],
39 silly audit   'undici-types': [ '6.20.0' ],
39 silly audit   ws: [ '8.18.0' ],
39 silly audit   'node-fetch': [ '2.7.0' ],
39 silly audit   'whatwg-url': [ '5.0.0' ],
39 silly audit   tr46: [ '0.0.3' ],
39 silly audit   'webidl-conversions': [ '3.0.1' ]
39 silly audit }
40 http cache webidl-conversions@https://registry.npmjs.org/webidl-conversions/-/webidl-conversions-3.0.1.tgz 0ms (cache hit)
41 silly tarball no local data for webidl-conversions@https://registry.npmjs.org/webidl-conversions/-/webidl-conversions-3.0.1.tgz. Extracting by manifest.
42 http cache whatwg-url@https://registry.npmjs.org/whatwg-url/-/whatwg-url-5.0.0.tgz 0ms (cache hit)
43 http cache node-fetch@https://registry.npmjs.org/node-fetch/-/node-fetch-2.7.0.tgz 0ms (cache hit)
44 http cache tr46@https://registry.npmjs.org/tr46/-/tr46-0.0.3.tgz 0ms (cache hit)
45 silly tarball no local data for whatwg-url@https://registry.npmjs.org/whatwg-url/-/whatwg-url-5.0.0.tgz. Extracting by manifest.
46 silly tarball no local data for node-fetch@https://registry.npmjs.org/node-fetch/-/node-fetch-2.7.0.tgz. Extracting by manifest.
47 silly tarball no local data for tr46@https://registry.npmjs.org/tr46/-/tr46-0.0.3.tgz. Extracting by manifest.
48 http fetch GET 200 https://registry.npmjs.org/webidl-conversions/-/webidl-conversions-3.0.1.tgz 42ms (cache miss)
49 http fetch GET 200 https://registry.npmjs.org/whatwg-url/-/whatwg-url-5.0.0.tgz 87ms (cache miss)
50 http fetch GET 200 https://registry.npmjs.org/node-fetch/-/node-fetch-2.7.0.tgz 102ms (cache miss)
51 http fetch GET 200 https://registry.npmjs.org/tr46/-/tr46-0.0.3.tgz 104ms (cache miss)
52 http fetch POST 200 https://registry.npmjs.org/-/npm/v1/security/advisories/bulk 235ms
53 silly audit report {}
54 silly ADD node_modules/webidl-conversions
55 silly ADD node_modules/tr46
56 silly ADD node_modules/whatwg-url
57 silly ADD node_modules/node-fetch
58 verbose cwd C:\Users\mathe\OneDrive\Área de Trabalho\discord
59 verbose os Windows_NT 10.0.26100
60 verbose node v22.11.0
61 verbose npm  v10.9.2
62 verbose exit 0
63 info ok
