0 verbose cli C:\Program Files\nodejs\node.exe C:\Users\mathe\AppData\Roaming\npm\node_modules\npm\bin\npm-cli.js
1 info using npm@10.9.2
2 info using node@v22.11.0
3 silly config load:file:C:\Users\mathe\AppData\Roaming\npm\node_modules\npm\npmrc
4 silly config load:file:C:\Users\mathe\OneDrive\Área de Trabalho\discord\.npmrc
5 silly config load:file:C:\Users\mathe\.npmrc
6 silly config load:file:C:\Users\mathe\AppData\Roaming\npm\etc\npmrc
7 verbose title npm install discord.js
8 verbose argv "install" "discord.js"
9 verbose logfile logs-max:10 dir:C:\Users\mathe\OneDrive\Área de Trabalho\discord\npm-cache\_logs\2024-12-16T16_56_12_453Z-
10 verbose logfile C:\Users\mathe\OneDrive\Área de Trabalho\discord\npm-cache\_logs\2024-12-16T16_56_12_453Z-debug-0.log
11 silly logfile done cleaning log files
12 silly packumentCache heap:4345298944 maxSize:1086324736 maxEntrySize:543162368
13 silly idealTree buildDeps
14 silly fetch manifest discord.js@*
15 silly packumentCache full:https://registry.npmjs.org/discord.js cache-miss
16 http fetch GET 200 https://registry.npmjs.org/discord.js 172ms (cache miss)
17 silly packumentCache full:https://registry.npmjs.org/discord.js set size:undefined disposed:false
18 silly placeDep ROOT discord.js@14.16.3 OK for: discord@1.0.0 want: *
19 silly fetch manifest tslib@^2.6.3
20 silly packumentCache full:https://registry.npmjs.org/tslib cache-miss
21 silly fetch manifest undici@6.19.8
22 silly packumentCache full:https://registry.npmjs.org/undici cache-miss
23 silly fetch manifest @discordjs/ws@1.1.1
24 silly packumentCache full:https://registry.npmjs.org/@discordjs%2fws cache-miss
25 silly fetch manifest @discordjs/rest@^2.4.0
26 silly packumentCache full:https://registry.npmjs.org/@discordjs%2frest cache-miss
27 silly fetch manifest @discordjs/util@^1.1.1
28 silly packumentCache full:https://registry.npmjs.org/@discordjs%2futil cache-miss
29 silly fetch manifest fast-deep-equal@3.1.3
30 silly packumentCache full:https://registry.npmjs.org/fast-deep-equal cache-miss
31 silly fetch manifest lodash.snakecase@4.1.1
32 silly packumentCache full:https://registry.npmjs.org/lodash.snakecase cache-miss
33 silly fetch manifest discord-api-types@0.37.100
34 silly packumentCache full:https://registry.npmjs.org/discord-api-types cache-miss
35 silly fetch manifest @discordjs/builders@^1.9.0
36 silly packumentCache full:https://registry.npmjs.org/@discordjs%2fbuilders cache-miss
37 silly fetch manifest @sapphire/snowflake@3.5.3
38 silly packumentCache full:https://registry.npmjs.org/@sapphire%2fsnowflake cache-miss
39 silly fetch manifest @discordjs/collection@1.5.3
40 silly packumentCache full:https://registry.npmjs.org/@discordjs%2fcollection cache-miss
41 silly fetch manifest @discordjs/formatters@^0.5.0
42 silly packumentCache full:https://registry.npmjs.org/@discordjs%2fformatters cache-miss
43 http fetch GET 200 https://registry.npmjs.org/tslib 48ms (cache miss)
44 silly packumentCache full:https://registry.npmjs.org/tslib set size:undefined disposed:false
45 http fetch GET 200 https://registry.npmjs.org/lodash.snakecase 86ms (cache miss)
46 silly packumentCache full:https://registry.npmjs.org/lodash.snakecase set size:undefined disposed:false
47 http fetch GET 200 https://registry.npmjs.org/undici 94ms (cache miss)
48 silly packumentCache full:https://registry.npmjs.org/undici set size:undefined disposed:false
49 http fetch GET 200 https://registry.npmjs.org/fast-deep-equal 102ms (cache miss)
50 silly packumentCache full:https://registry.npmjs.org/fast-deep-equal set size:undefined disposed:false
51 http fetch GET 200 https://registry.npmjs.org/discord-api-types 244ms (cache miss)
52 silly packumentCache full:https://registry.npmjs.org/discord-api-types set size:undefined disposed:false
53 http fetch GET 200 https://registry.npmjs.org/@discordjs%2futil 311ms (cache miss)
54 silly packumentCache full:https://registry.npmjs.org/@discordjs%2futil set size:undefined disposed:false
55 http fetch GET 200 https://registry.npmjs.org/@sapphire%2fsnowflake 342ms (cache miss)
56 silly packumentCache full:https://registry.npmjs.org/@sapphire%2fsnowflake set size:undefined disposed:false
57 http fetch GET 200 https://registry.npmjs.org/@discordjs%2fcollection 356ms (cache miss)
58 silly packumentCache full:https://registry.npmjs.org/@discordjs%2fcollection set size:undefined disposed:false
59 http fetch GET 200 https://registry.npmjs.org/@discordjs%2fformatters 384ms (cache miss)
60 silly packumentCache full:https://registry.npmjs.org/@discordjs%2fformatters set size:undefined disposed:false
61 http fetch GET 200 https://registry.npmjs.org/@discordjs%2fbuilders 393ms (cache miss)
62 silly packumentCache full:https://registry.npmjs.org/@discordjs%2fbuilders set size:undefined disposed:false
63 http fetch GET 200 https://registry.npmjs.org/@discordjs%2fws 428ms (cache miss)
64 silly packumentCache full:https://registry.npmjs.org/@discordjs%2fws set size:undefined disposed:false
65 http fetch GET 200 https://registry.npmjs.org/@discordjs%2frest 469ms (cache miss)
66 silly packumentCache full:https://registry.npmjs.org/@discordjs%2frest set size:undefined disposed:false
67 silly placeDep ROOT @discordjs/builders@1.9.0 OK for: discord.js@14.16.3 want: ^1.9.0
68 silly placeDep ROOT @discordjs/collection@1.5.3 OK for: discord.js@14.16.3 want: 1.5.3
69 silly placeDep ROOT @discordjs/formatters@0.5.0 OK for: discord.js@14.16.3 want: ^0.5.0
70 silly placeDep ROOT @discordjs/rest@2.4.0 OK for: discord.js@14.16.3 want: ^2.4.0
71 silly placeDep ROOT @discordjs/util@1.1.1 OK for: discord.js@14.16.3 want: ^1.1.1
72 silly placeDep ROOT @discordjs/ws@1.1.1 OK for: discord.js@14.16.3 want: 1.1.1
73 silly placeDep ROOT @sapphire/snowflake@3.5.3 OK for: discord.js@14.16.3 want: 3.5.3
74 silly placeDep ROOT discord-api-types@0.37.100 OK for: discord.js@14.16.3 want: 0.37.100
75 silly placeDep ROOT fast-deep-equal@3.1.3 OK for: discord.js@14.16.3 want: 3.1.3
76 silly placeDep ROOT lodash.snakecase@4.1.1 OK for: discord.js@14.16.3 want: 4.1.1
77 silly placeDep ROOT tslib@2.8.1 OK for: discord.js@14.16.3 want: ^2.6.3
78 silly placeDep ROOT undici@6.19.8 OK for: discord.js@14.16.3 want: 6.19.8
79 silly fetch manifest ts-mixer@^6.0.4
80 silly packumentCache full:https://registry.npmjs.org/ts-mixer cache-miss
81 silly fetch manifest fast-deep-equal@^3.1.3
82 silly packumentCache full:https://registry.npmjs.org/fast-deep-equal cache-miss
83 silly fetch manifest discord-api-types@0.37.97
84 silly packumentCache full:https://registry.npmjs.org/discord-api-types cache-miss
85 silly fetch manifest @sapphire/shapeshift@^4.0.0
86 silly packumentCache full:https://registry.npmjs.org/@sapphire%2fshapeshift cache-miss
87 silly fetch manifest discord-api-types@0.37.97
88 silly packumentCache full:https://registry.npmjs.org/discord-api-types cache-miss
89 silly fetch manifest magic-bytes.js@^1.10.0
90 silly packumentCache full:https://registry.npmjs.org/magic-bytes.js cache-miss
91 silly fetch manifest discord-api-types@0.37.97
92 silly packumentCache full:https://registry.npmjs.org/discord-api-types cache-miss
93 silly fetch manifest @sapphire/snowflake@^3.5.3
94 silly packumentCache full:https://registry.npmjs.org/@sapphire%2fsnowflake cache-miss
95 silly fetch manifest @discordjs/collection@^2.1.1
96 silly packumentCache full:https://registry.npmjs.org/@discordjs%2fcollection cache-miss
97 silly fetch manifest @sapphire/async-queue@^1.5.3
98 silly packumentCache full:https://registry.npmjs.org/@sapphire%2fasync-queue cache-miss
99 silly fetch manifest @vladfrangu/async_event_emitter@^2.4.6
100 silly packumentCache full:https://registry.npmjs.org/@vladfrangu%2fasync_event_emitter cache-miss
101 silly fetch manifest ws@^8.16.0
102 silly packumentCache full:https://registry.npmjs.org/ws cache-miss
103 silly fetch manifest tslib@^2.6.2
104 silly packumentCache full:https://registry.npmjs.org/tslib cache-miss
105 silly fetch manifest @types/ws@^8.5.10
106 silly packumentCache full:https://registry.npmjs.org/@types%2fws cache-miss
107 silly fetch manifest discord-api-types@0.37.83
108 silly packumentCache full:https://registry.npmjs.org/discord-api-types cache-miss
109 silly fetch manifest @discordjs/collection@^2.1.0
110 silly packumentCache full:https://registry.npmjs.org/@discordjs%2fcollection cache-miss
111 silly fetch manifest @sapphire/async-queue@^1.5.2
112 silly packumentCache full:https://registry.npmjs.org/@sapphire%2fasync-queue cache-miss
113 silly fetch manifest @vladfrangu/async_event_emitter@^2.2.4
114 silly packumentCache full:https://registry.npmjs.org/@vladfrangu%2fasync_event_emitter cache-miss
115 http cache https://registry.npmjs.org/@sapphire%2fsnowflake 19ms (cache hit)
116 silly packumentCache full:https://registry.npmjs.org/@sapphire%2fsnowflake set size:2699120 disposed:false
117 http cache https://registry.npmjs.org/@discordjs%2fcollection 32ms (cache hit)
118 silly packumentCache full:https://registry.npmjs.org/@discordjs%2fcollection set size:4495258 disposed:false
119 http cache https://registry.npmjs.org/fast-deep-equal 48ms (cache hit)
120 silly packumentCache full:https://registry.npmjs.org/fast-deep-equal set size:48634 disposed:false
121 http cache https://registry.npmjs.org/discord-api-types 57ms (cache hit)
122 silly packumentCache full:https://registry.npmjs.org/discord-api-types set size:6431045 disposed:false
123 http cache https://registry.npmjs.org/discord-api-types 84ms (cache hit)
124 silly packumentCache full:https://registry.npmjs.org/discord-api-types set size:6431045 disposed:false
125 http cache https://registry.npmjs.org/discord-api-types 115ms (cache hit)
126 silly packumentCache full:https://registry.npmjs.org/discord-api-types set size:6431045 disposed:false
127 http cache https://registry.npmjs.org/tslib 130ms (cache hit)
128 silly packumentCache full:https://registry.npmjs.org/tslib set size:108872 disposed:false
129 http cache https://registry.npmjs.org/discord-api-types 137ms (cache hit)
130 silly packumentCache full:https://registry.npmjs.org/discord-api-types set size:6431045 disposed:false
131 http cache https://registry.npmjs.org/@discordjs%2fcollection 167ms (cache hit)
132 silly packumentCache full:https://registry.npmjs.org/@discordjs%2fcollection set size:4495258 disposed:false
133 http fetch GET 200 https://registry.npmjs.org/magic-bytes.js 185ms (cache miss)
134 silly packumentCache full:https://registry.npmjs.org/magic-bytes.js set size:undefined disposed:false
135 http fetch GET 200 https://registry.npmjs.org/@types%2fws 185ms (cache miss)
136 silly packumentCache full:https://registry.npmjs.org/@types%2fws set size:undefined disposed:false
137 http fetch GET 200 https://registry.npmjs.org/ts-mixer 188ms (cache miss)
138 silly packumentCache full:https://registry.npmjs.org/ts-mixer set size:undefined disposed:false
139 http fetch GET 200 https://registry.npmjs.org/@vladfrangu%2fasync_event_emitter 243ms (cache miss)
140 silly packumentCache full:https://registry.npmjs.org/@vladfrangu%2fasync_event_emitter set size:undefined disposed:false
141 http fetch GET 200 https://registry.npmjs.org/@sapphire%2fshapeshift 255ms (cache miss)
142 silly packumentCache full:https://registry.npmjs.org/@sapphire%2fshapeshift set size:undefined disposed:false
143 http fetch GET 200 https://registry.npmjs.org/@vladfrangu%2fasync_event_emitter 269ms (cache miss)
144 silly packumentCache full:https://registry.npmjs.org/@vladfrangu%2fasync_event_emitter set size:undefined disposed:false
145 http fetch GET 200 https://registry.npmjs.org/@sapphire%2fasync-queue 279ms (cache miss)
146 silly packumentCache full:https://registry.npmjs.org/@sapphire%2fasync-queue set size:undefined disposed:false
147 http fetch GET 200 https://registry.npmjs.org/@sapphire%2fasync-queue 346ms (cache miss)
148 silly packumentCache full:https://registry.npmjs.org/@sapphire%2fasync-queue set size:undefined disposed:false
149 http fetch GET 200 https://registry.npmjs.org/ws 627ms (cache miss)
150 silly packumentCache full:https://registry.npmjs.org/ws set size:undefined disposed:false
151 silly placeDep ROOT @sapphire/shapeshift@4.0.0 OK for: @discordjs/builders@1.9.0 want: ^4.0.0
152 silly placeDep node_modules/@discordjs/builders discord-api-types@0.37.97 OK for: @discordjs/builders@1.9.0 want: 0.37.97
153 silly placeDep ROOT ts-mixer@6.0.4 OK for: @discordjs/builders@1.9.0 want: ^6.0.4
154 silly fetch manifest lodash@^4.17.21
155 silly packumentCache full:https://registry.npmjs.org/lodash cache-miss
156 http fetch GET 200 https://registry.npmjs.org/lodash 42ms (cache miss)
157 silly packumentCache full:https://registry.npmjs.org/lodash set size:undefined disposed:false
158 silly placeDep node_modules/@discordjs/formatters discord-api-types@0.37.97 OK for: @discordjs/formatters@0.5.0 want: 0.37.97
159 silly placeDep node_modules/@discordjs/rest @discordjs/collection@2.1.1 OK for: @discordjs/rest@2.4.0 want: ^2.1.1
160 silly placeDep ROOT @sapphire/async-queue@1.5.5 OK for: @discordjs/rest@2.4.0 want: ^1.5.3
161 silly placeDep ROOT @vladfrangu/async_event_emitter@2.4.6 OK for: @discordjs/rest@2.4.0 want: ^2.4.6
162 silly placeDep node_modules/@discordjs/rest discord-api-types@0.37.97 OK for: @discordjs/rest@2.4.0 want: 0.37.97
163 silly placeDep ROOT magic-bytes.js@1.10.0 OK for: @discordjs/rest@2.4.0 want: ^1.10.0
164 silly fetch manifest bufferutil@^4.0.1
165 silly packumentCache full:https://registry.npmjs.org/bufferutil cache-miss
166 http fetch GET 200 https://registry.npmjs.org/bufferutil 40ms (cache miss)
167 silly packumentCache full:https://registry.npmjs.org/bufferutil set size:undefined disposed:false
168 silly fetch manifest utf-8-validate@>=5.0.2
169 silly packumentCache full:https://registry.npmjs.org/utf-8-validate cache-miss
170 http fetch GET 200 https://registry.npmjs.org/utf-8-validate 41ms (cache miss)
171 silly packumentCache full:https://registry.npmjs.org/utf-8-validate set size:undefined disposed:false
172 silly placeDep node_modules/@discordjs/ws @discordjs/collection@2.1.1 OK for: @discordjs/ws@1.1.1 want: ^2.1.0
173 silly placeDep ROOT @types/ws@8.5.13 OK for: @discordjs/ws@1.1.1 want: ^8.5.10
174 silly placeDep node_modules/@discordjs/ws discord-api-types@0.37.83 OK for: @discordjs/ws@1.1.1 want: 0.37.83
175 silly placeDep ROOT ws@8.18.0 OK for: @discordjs/ws@1.1.1 want: ^8.16.0
176 silly fetch manifest @types/node@*
177 silly packumentCache full:https://registry.npmjs.org/@types%2fnode cache-miss
178 http fetch GET 200 https://registry.npmjs.org/@types%2fnode 157ms (cache miss)
179 silly packumentCache full:https://registry.npmjs.org/@types%2fnode set size:undefined disposed:false
180 silly placeDep ROOT lodash@4.17.21 OK for: @sapphire/shapeshift@4.0.0 want: ^4.17.21
181 silly placeDep ROOT @types/node@22.10.2 OK for: @types/ws@8.5.13 want: *
182 silly fetch manifest undici-types@~6.20.0
183 silly packumentCache full:https://registry.npmjs.org/undici-types cache-miss
184 http fetch GET 200 https://registry.npmjs.org/undici-types 43ms (cache miss)
185 silly packumentCache full:https://registry.npmjs.org/undici-types set size:undefined disposed:false
186 silly placeDep ROOT undici-types@6.20.0 OK for: @types/node@22.10.2 want: ~6.20.0
187 silly reify moves {}
188 silly audit bulk request {
188 silly audit   'discord.js': [ '14.16.3' ],
188 silly audit   '@discordjs/builders': [ '1.9.0' ],
188 silly audit   '@discordjs/collection': [ '1.5.3', '2.1.1' ],
188 silly audit   '@discordjs/formatters': [ '0.5.0' ],
188 silly audit   '@discordjs/rest': [ '2.4.0' ],
188 silly audit   '@discordjs/util': [ '1.1.1' ],
188 silly audit   '@discordjs/ws': [ '1.1.1' ],
188 silly audit   '@sapphire/snowflake': [ '3.5.3' ],
188 silly audit   'discord-api-types': [ '0.37.100', '0.37.97', '0.37.83' ],
188 silly audit   'fast-deep-equal': [ '3.1.3' ],
188 silly audit   'lodash.snakecase': [ '4.1.1' ],
188 silly audit   tslib: [ '2.8.1' ],
188 silly audit   undici: [ '6.19.8' ],
188 silly audit   '@sapphire/shapeshift': [ '4.0.0' ],
188 silly audit   'ts-mixer': [ '6.0.4' ],
188 silly audit   '@sapphire/async-queue': [ '1.5.5' ],
188 silly audit   '@vladfrangu/async_event_emitter': [ '2.4.6' ],
188 silly audit   'magic-bytes.js': [ '1.10.0' ],
188 silly audit   '@types/ws': [ '8.5.13' ],
188 silly audit   ws: [ '8.18.0' ],
188 silly audit   lodash: [ '4.17.21' ],
188 silly audit   '@types/node': [ '22.10.2' ],
188 silly audit   'undici-types': [ '6.20.0' ]
188 silly audit }
189 http cache undici-types@https://registry.npmjs.org/undici-types/-/undici-types-6.20.0.tgz 0ms (cache hit)
190 http cache @types/node@https://registry.npmjs.org/@types/node/-/node-22.10.2.tgz 0ms (cache hit)
191 http cache @types/ws@https://registry.npmjs.org/@types/ws/-/ws-8.5.13.tgz 0ms (cache hit)
192 http cache @sapphire/async-queue@https://registry.npmjs.org/@sapphire/async-queue/-/async-queue-1.5.5.tgz 0ms (cache hit)
193 http cache @vladfrangu/async_event_emitter@https://registry.npmjs.org/@vladfrangu/async_event_emitter/-/async_event_emitter-2.4.6.tgz 0ms (cache hit)
194 http cache lodash@https://registry.npmjs.org/lodash/-/lodash-4.17.21.tgz 0ms (cache hit)
195 http cache @sapphire/shapeshift@https://registry.npmjs.org/@sapphire/shapeshift/-/shapeshift-4.0.0.tgz 0ms (cache hit)
196 http cache magic-bytes.js@https://registry.npmjs.org/magic-bytes.js/-/magic-bytes.js-1.10.0.tgz 0ms (cache hit)
197 http cache ts-mixer@https://registry.npmjs.org/ts-mixer/-/ts-mixer-6.0.4.tgz 0ms (cache hit)
198 http cache undici@https://registry.npmjs.org/undici/-/undici-6.19.8.tgz 0ms (cache hit)
199 http cache tslib@https://registry.npmjs.org/tslib/-/tslib-2.8.1.tgz 0ms (cache hit)
200 http cache @sapphire/snowflake@https://registry.npmjs.org/@sapphire/snowflake/-/snowflake-3.5.3.tgz 0ms (cache hit)
201 http cache lodash.snakecase@https://registry.npmjs.org/lodash.snakecase/-/lodash.snakecase-4.1.1.tgz 0ms (cache hit)
202 http cache fast-deep-equal@https://registry.npmjs.org/fast-deep-equal/-/fast-deep-equal-3.1.3.tgz 0ms (cache hit)
203 http cache @discordjs/util@https://registry.npmjs.org/@discordjs/util/-/util-1.1.1.tgz 0ms (cache hit)
204 http cache discord-api-types@https://registry.npmjs.org/discord-api-types/-/discord-api-types-0.37.100.tgz 0ms (cache hit)
205 http cache @discordjs/ws@https://registry.npmjs.org/@discordjs/ws/-/ws-1.1.1.tgz 0ms (cache hit)
206 http cache @discordjs/rest@https://registry.npmjs.org/@discordjs/rest/-/rest-2.4.0.tgz 0ms (cache hit)
207 http cache @discordjs/collection@https://registry.npmjs.org/@discordjs/collection/-/collection-1.5.3.tgz 0ms (cache hit)
208 http cache discord.js@https://registry.npmjs.org/discord.js/-/discord.js-14.16.3.tgz 0ms (cache hit)
209 http cache @discordjs/formatters@https://registry.npmjs.org/@discordjs/formatters/-/formatters-0.5.0.tgz 0ms (cache hit)
210 http cache @discordjs/builders@https://registry.npmjs.org/@discordjs/builders/-/builders-1.9.0.tgz 0ms (cache hit)
211 http cache discord-api-types@https://registry.npmjs.org/discord-api-types/-/discord-api-types-0.37.83.tgz 0ms (cache hit)
212 http cache discord-api-types@https://registry.npmjs.org/discord-api-types/-/discord-api-types-0.37.97.tgz 0ms (cache hit)
213 http cache @discordjs/collection@https://registry.npmjs.org/@discordjs/collection/-/collection-2.1.1.tgz 0ms (cache hit)
214 http cache @discordjs/collection@https://registry.npmjs.org/@discordjs/collection/-/collection-2.1.1.tgz 0ms (cache hit)
215 http cache discord-api-types@https://registry.npmjs.org/discord-api-types/-/discord-api-types-0.37.97.tgz 0ms (cache hit)
216 http cache discord-api-types@https://registry.npmjs.org/discord-api-types/-/discord-api-types-0.37.97.tgz 0ms (cache hit)
217 http cache ws@https://registry.npmjs.org/ws/-/ws-8.18.0.tgz 0ms (cache hit)
218 silly tarball no local data for undici-types@https://registry.npmjs.org/undici-types/-/undici-types-6.20.0.tgz. Extracting by manifest.
219 silly tarball no local data for @types/node@https://registry.npmjs.org/@types/node/-/node-22.10.2.tgz. Extracting by manifest.
220 silly tarball no local data for @types/ws@https://registry.npmjs.org/@types/ws/-/ws-8.5.13.tgz. Extracting by manifest.
221 silly tarball no local data for @sapphire/async-queue@https://registry.npmjs.org/@sapphire/async-queue/-/async-queue-1.5.5.tgz. Extracting by manifest.
222 silly tarball no local data for @vladfrangu/async_event_emitter@https://registry.npmjs.org/@vladfrangu/async_event_emitter/-/async_event_emitter-2.4.6.tgz. Extracting by manifest.
223 silly tarball no local data for lodash@https://registry.npmjs.org/lodash/-/lodash-4.17.21.tgz. Extracting by manifest.
224 silly tarball no local data for @sapphire/shapeshift@https://registry.npmjs.org/@sapphire/shapeshift/-/shapeshift-4.0.0.tgz. Extracting by manifest.
225 silly tarball no local data for magic-bytes.js@https://registry.npmjs.org/magic-bytes.js/-/magic-bytes.js-1.10.0.tgz. Extracting by manifest.
226 silly tarball no local data for ts-mixer@https://registry.npmjs.org/ts-mixer/-/ts-mixer-6.0.4.tgz. Extracting by manifest.
227 silly tarball no local data for undici@https://registry.npmjs.org/undici/-/undici-6.19.8.tgz. Extracting by manifest.
228 silly tarball no local data for tslib@https://registry.npmjs.org/tslib/-/tslib-2.8.1.tgz. Extracting by manifest.
229 silly tarball no local data for @sapphire/snowflake@https://registry.npmjs.org/@sapphire/snowflake/-/snowflake-3.5.3.tgz. Extracting by manifest.
230 silly tarball no local data for lodash.snakecase@https://registry.npmjs.org/lodash.snakecase/-/lodash.snakecase-4.1.1.tgz. Extracting by manifest.
231 silly tarball no local data for fast-deep-equal@https://registry.npmjs.org/fast-deep-equal/-/fast-deep-equal-3.1.3.tgz. Extracting by manifest.
232 silly tarball no local data for @discordjs/util@https://registry.npmjs.org/@discordjs/util/-/util-1.1.1.tgz. Extracting by manifest.
233 silly tarball no local data for discord-api-types@https://registry.npmjs.org/discord-api-types/-/discord-api-types-0.37.100.tgz. Extracting by manifest.
234 silly tarball no local data for @discordjs/ws@https://registry.npmjs.org/@discordjs/ws/-/ws-1.1.1.tgz. Extracting by manifest.
235 silly tarball no local data for @discordjs/rest@https://registry.npmjs.org/@discordjs/rest/-/rest-2.4.0.tgz. Extracting by manifest.
236 silly tarball no local data for @discordjs/collection@https://registry.npmjs.org/@discordjs/collection/-/collection-1.5.3.tgz. Extracting by manifest.
237 silly tarball no local data for discord.js@https://registry.npmjs.org/discord.js/-/discord.js-14.16.3.tgz. Extracting by manifest.
238 silly tarball no local data for @discordjs/formatters@https://registry.npmjs.org/@discordjs/formatters/-/formatters-0.5.0.tgz. Extracting by manifest.
239 silly tarball no local data for @discordjs/builders@https://registry.npmjs.org/@discordjs/builders/-/builders-1.9.0.tgz. Extracting by manifest.
240 silly tarball no local data for discord-api-types@https://registry.npmjs.org/discord-api-types/-/discord-api-types-0.37.83.tgz. Extracting by manifest.
241 silly tarball no local data for discord-api-types@https://registry.npmjs.org/discord-api-types/-/discord-api-types-0.37.97.tgz. Extracting by manifest.
242 silly tarball no local data for @discordjs/collection@https://registry.npmjs.org/@discordjs/collection/-/collection-2.1.1.tgz. Extracting by manifest.
243 silly tarball no local data for @discordjs/collection@https://registry.npmjs.org/@discordjs/collection/-/collection-2.1.1.tgz. Extracting by manifest.
244 silly tarball no local data for discord-api-types@https://registry.npmjs.org/discord-api-types/-/discord-api-types-0.37.97.tgz. Extracting by manifest.
245 silly tarball no local data for discord-api-types@https://registry.npmjs.org/discord-api-types/-/discord-api-types-0.37.97.tgz. Extracting by manifest.
246 silly tarball no local data for ws@https://registry.npmjs.org/ws/-/ws-8.18.0.tgz. Extracting by manifest.
247 http fetch GET 200 https://registry.npmjs.org/@sapphire/async-queue/-/async-queue-1.5.5.tgz 76ms (cache miss)
248 http fetch GET 200 https://registry.npmjs.org/magic-bytes.js/-/magic-bytes.js-1.10.0.tgz 76ms (cache miss)
249 http fetch GET 200 https://registry.npmjs.org/tslib/-/tslib-2.8.1.tgz 118ms (cache miss)
250 http fetch GET 200 https://registry.npmjs.org/@discordjs/util/-/util-1.1.1.tgz 119ms (cache miss)
251 http fetch GET 200 https://registry.npmjs.org/lodash.snakecase/-/lodash.snakecase-4.1.1.tgz 127ms (cache miss)
252 http fetch GET 200 https://registry.npmjs.org/fast-deep-equal/-/fast-deep-equal-3.1.3.tgz 167ms (cache miss)
253 http fetch GET 200 https://registry.npmjs.org/@vladfrangu/async_event_emitter/-/async_event_emitter-2.4.6.tgz 175ms (cache miss)
254 http fetch GET 200 https://registry.npmjs.org/@discordjs/formatters/-/formatters-0.5.0.tgz 185ms (cache miss)
255 http fetch GET 200 https://registry.npmjs.org/@discordjs/collection/-/collection-1.5.3.tgz 202ms (cache miss)
256 http fetch GET 200 https://registry.npmjs.org/@sapphire/snowflake/-/snowflake-3.5.3.tgz 205ms (cache miss)
257 http fetch GET 200 https://registry.npmjs.org/@discordjs/collection/-/collection-2.1.1.tgz 207ms (cache miss)
258 http fetch POST 200 https://registry.npmjs.org/-/npm/v1/security/advisories/bulk 225ms
259 silly audit report {}
260 http fetch GET 200 https://registry.npmjs.org/ts-mixer/-/ts-mixer-6.0.4.tgz 217ms (cache miss)
261 http fetch GET 200 https://registry.npmjs.org/@discordjs/builders/-/builders-1.9.0.tgz 234ms (cache miss)
262 http fetch GET 200 https://registry.npmjs.org/@sapphire/shapeshift/-/shapeshift-4.0.0.tgz 256ms (cache miss)
263 http fetch GET 200 https://registry.npmjs.org/undici-types/-/undici-types-6.20.0.tgz 266ms (cache miss)
264 http fetch GET 200 https://registry.npmjs.org/@discordjs/ws/-/ws-1.1.1.tgz 268ms (cache miss)
265 http fetch GET 200 https://registry.npmjs.org/ws/-/ws-8.18.0.tgz 283ms (cache miss)
266 http fetch GET 200 https://registry.npmjs.org/@discordjs/rest/-/rest-2.4.0.tgz 285ms (cache miss)
267 http fetch GET 200 https://registry.npmjs.org/@discordjs/collection/-/collection-2.1.1.tgz 285ms (cache miss)
268 http fetch GET 200 https://registry.npmjs.org/@types/node/-/node-22.10.2.tgz 408ms (cache miss)
269 http fetch GET 200 https://registry.npmjs.org/undici/-/undici-6.19.8.tgz 576ms (cache miss)
270 http fetch GET 200 https://registry.npmjs.org/@types/ws/-/ws-8.5.13.tgz 689ms (cache miss)
271 http fetch GET 200 https://registry.npmjs.org/discord.js/-/discord.js-14.16.3.tgz 863ms (cache miss)
272 http fetch GET 200 https://registry.npmjs.org/lodash/-/lodash-4.17.21.tgz 1606ms (cache miss)
273 http fetch GET 200 https://registry.npmjs.org/discord-api-types/-/discord-api-types-0.37.83.tgz 1640ms (cache miss)
274 http fetch GET 200 https://registry.npmjs.org/discord-api-types/-/discord-api-types-0.37.100.tgz 1644ms (cache miss)
275 http fetch GET 200 https://registry.npmjs.org/discord-api-types/-/discord-api-types-0.37.97.tgz 1650ms (cache miss)
276 http fetch GET 200 https://registry.npmjs.org/discord-api-types/-/discord-api-types-0.37.97.tgz 1657ms (cache miss)
277 http fetch GET 200 https://registry.npmjs.org/discord-api-types/-/discord-api-types-0.37.97.tgz 1660ms (cache miss)
278 silly ADD node_modules/undici-types
279 silly ADD node_modules/@types/node
280 silly ADD node_modules/lodash
281 silly ADD node_modules/ws
282 silly ADD node_modules/@types/ws
283 silly ADD node_modules/magic-bytes.js
284 silly ADD node_modules/@vladfrangu/async_event_emitter
285 silly ADD node_modules/@sapphire/async-queue
286 silly ADD node_modules/ts-mixer
287 silly ADD node_modules/@sapphire/shapeshift
288 silly ADD node_modules/undici
289 silly ADD node_modules/tslib
290 silly ADD node_modules/lodash.snakecase
291 silly ADD node_modules/fast-deep-equal
292 silly ADD node_modules/discord-api-types
293 silly ADD node_modules/@sapphire/snowflake
294 silly ADD node_modules/@discordjs/ws
295 silly ADD node_modules/@discordjs/ws/node_modules/discord-api-types
296 silly ADD node_modules/@discordjs/ws/node_modules/@discordjs/collection
297 silly ADD node_modules/@discordjs/util
298 silly ADD node_modules/@discordjs/rest
299 silly ADD node_modules/@discordjs/rest/node_modules/discord-api-types
300 silly ADD node_modules/@discordjs/rest/node_modules/@discordjs/collection
301 silly ADD node_modules/@discordjs/formatters
302 silly ADD node_modules/@discordjs/formatters/node_modules/discord-api-types
303 silly ADD node_modules/@discordjs/collection
304 silly ADD node_modules/@discordjs/builders
305 silly ADD node_modules/@discordjs/builders/node_modules/discord-api-types
306 silly ADD node_modules/discord.js
307 verbose cwd C:\Users\mathe\OneDrive\Área de Trabalho\discord
308 verbose os Windows_NT 10.0.26100
309 verbose node v22.11.0
310 verbose npm  v10.9.2
311 verbose exit 0
312 info ok
