0 verbose cli C:\Program Files\nodejs\node.exe C:\Users\mathe\AppData\Roaming\npm\node_modules\npm\bin\npm-cli.js
1 info using npm@10.9.2
2 info using node@v22.11.0
3 silly config load:file:C:\Users\mathe\AppData\Roaming\npm\node_modules\npm\npmrc
4 silly config load:file:C:\Users\mathe\OneDrive\Área de Trabalho\discord\.npmrc
5 silly config load:file:C:\Users\mathe\.npmrc
6 silly config load:file:C:\Users\mathe\AppData\Roaming\npm\etc\npmrc
7 verbose title npm install @discordjs/rest discord-api-types
8 verbose argv "install" "@discordjs/rest" "discord-api-types"
9 verbose logfile logs-max:10 dir:C:\Users\mathe\OneDrive\Área de Trabalho\discord\npm-cache\_logs\2024-12-16T17_25_42_932Z-
10 verbose logfile C:\Users\mathe\OneDrive\Área de Trabalho\discord\npm-cache\_logs\2024-12-16T17_25_42_932Z-debug-0.log
11 silly logfile done cleaning log files
12 silly packumentCache heap:4345298944 maxSize:1086324736 maxEntrySize:543162368
13 silly idealTree buildDeps
14 silly fetch manifest @discordjs/rest@^2.4.0
15 silly packumentCache full:https://registry.npmjs.org/@discordjs%2frest cache-miss
16 http cache https://registry.npmjs.org/@discordjs%2frest 18ms (cache hit)
17 silly packumentCache full:https://registry.npmjs.org/@discordjs%2frest set size:4808934 disposed:false
18 silly fetch manifest discord-api-types@^0.37.111
19 silly packumentCache full:https://registry.npmjs.org/discord-api-types cache-miss
20 http cache https://registry.npmjs.org/discord-api-types 12ms (cache hit)
21 silly packumentCache full:https://registry.npmjs.org/discord-api-types set size:6431045 disposed:false
22 silly placeDep ROOT @discordjs/rest@2.4.0 REPLACE for: discord@1.0.0 want: ^2.4.0
23 silly placeDep ROOT discord-api-types@0.37.111 REPLACE for: discord@1.0.0 want: ^0.37.111
24 silly reify moves {}
25 silly audit bulk request {
25 silly audit   '@discordjs/builders': [ '1.9.0' ],
25 silly audit   'discord-api-types': [ '0.37.97', '0.37.83', '0.37.100', '0.37.111' ],
25 silly audit   '@discordjs/collection': [ '1.5.3', '2.1.1' ],
25 silly audit   '@discordjs/formatters': [ '0.5.0' ],
25 silly audit   '@discordjs/util': [ '1.1.1' ],
25 silly audit   '@discordjs/ws': [ '1.1.1' ],
25 silly audit   '@sapphire/async-queue': [ '1.5.5' ],
25 silly audit   '@sapphire/shapeshift': [ '4.0.0' ],
25 silly audit   '@sapphire/snowflake': [ '3.5.3' ],
25 silly audit   '@types/node': [ '22.10.2' ],
25 silly audit   '@types/ws': [ '8.5.13' ],
25 silly audit   '@vladfrangu/async_event_emitter': [ '2.4.6' ],
25 silly audit   'discord.js': [ '14.16.3' ],
25 silly audit   'fast-deep-equal': [ '3.1.3' ],
25 silly audit   lodash: [ '4.17.21' ],
25 silly audit   'lodash.snakecase': [ '4.1.1' ],
25 silly audit   'magic-bytes.js': [ '1.10.0' ],
25 silly audit   'ts-mixer': [ '6.0.4' ],
25 silly audit   tslib: [ '2.8.1' ],
25 silly audit   undici: [ '6.19.8' ],
25 silly audit   'undici-types': [ '6.20.0' ],
25 silly audit   ws: [ '8.18.0' ],
25 silly audit   '@discordjs/rest': [ '2.4.0' ]
25 silly audit }
26 http fetch POST 200 https://registry.npmjs.org/-/npm/v1/security/advisories/bulk 309ms
27 silly audit report {}
28 verbose cwd C:\Users\mathe\OneDrive\Área de Trabalho\discord
29 verbose os Windows_NT 10.0.26100
30 verbose node v22.11.0
31 verbose npm  v10.9.2
32 verbose exit 0
33 info ok
