0 verbose cli C:\Program Files\nodejs\node.exe C:\Users\mathe\AppData\Roaming\npm\node_modules\npm\bin\npm-cli.js
1 info using npm@10.9.2
2 info using node@v22.11.0
3 silly config load:file:C:\Users\mathe\AppData\Roaming\npm\node_modules\npm\npmrc
4 silly config load:file:C:\Users\mathe\OneDrive\Área de Trabalho\discord\.npmrc
5 silly config load:file:C:\Users\mathe\.npmrc
6 silly config load:file:C:\Users\mathe\AppData\Roaming\npm\etc\npmrc
7 verbose title npm install dotenv
8 verbose argv "install" "dotenv"
9 verbose logfile logs-max:10 dir:C:\Users\mathe\OneDrive\Área de Trabalho\discord\npm-cache\_logs\2024-12-18T17_35_39_042Z-
10 verbose logfile C:\Users\mathe\OneDrive\Área de Trabalho\discord\npm-cache\_logs\2024-12-18T17_35_39_042Z-debug-0.log
11 silly logfile done cleaning log files
12 silly packumentCache heap:4345298944 maxSize:1086324736 maxEntrySize:543162368
13 silly idealTree buildDeps
14 silly fetch manifest dotenv@*
15 silly packumentCache full:https://registry.npmjs.org/dotenv cache-miss
16 http fetch GET 200 https://registry.npmjs.org/dotenv 132ms (cache miss)
17 silly packumentCache full:https://registry.npmjs.org/dotenv set size:undefined disposed:false
18 silly placeDep ROOT dotenv@16.4.7 OK for: discord@1.0.0 want: *
19 silly reify moves {}
20 silly audit bulk request {
20 silly audit   '@discordjs/builders': [ '1.9.0' ],
20 silly audit   'discord-api-types': [ '0.37.97', '0.37.83', '0.37.111', '0.37.100' ],
20 silly audit   '@discordjs/collection': [ '1.5.3', '2.1.1' ],
20 silly audit   '@discordjs/formatters': [ '0.5.0' ],
20 silly audit   '@discordjs/rest': [ '2.4.0' ],
20 silly audit   '@discordjs/util': [ '1.1.1' ],
20 silly audit   '@discordjs/ws': [ '1.1.1' ],
20 silly audit   '@sapphire/async-queue': [ '1.5.5' ],
20 silly audit   '@sapphire/shapeshift': [ '4.0.0' ],
20 silly audit   '@sapphire/snowflake': [ '3.5.3' ],
20 silly audit   '@types/node': [ '22.10.2' ],
20 silly audit   '@types/ws': [ '8.5.13' ],
20 silly audit   '@vladfrangu/async_event_emitter': [ '2.4.6' ],
20 silly audit   'discord.js': [ '14.16.3' ],
20 silly audit   'fast-deep-equal': [ '3.1.3' ],
20 silly audit   lodash: [ '4.17.21' ],
20 silly audit   'lodash.snakecase': [ '4.1.1' ],
20 silly audit   'magic-bytes.js': [ '1.10.0' ],
20 silly audit   'ts-mixer': [ '6.0.4' ],
20 silly audit   tslib: [ '2.8.1' ],
20 silly audit   undici: [ '6.19.8' ],
20 silly audit   'undici-types': [ '6.20.0' ],
20 silly audit   ws: [ '8.18.0' ],
20 silly audit   dotenv: [ '16.4.7' ]
20 silly audit }
21 http cache dotenv@https://registry.npmjs.org/dotenv/-/dotenv-16.4.7.tgz 0ms (cache hit)
22 silly tarball no local data for dotenv@https://registry.npmjs.org/dotenv/-/dotenv-16.4.7.tgz. Extracting by manifest.
23 http fetch GET 200 https://registry.npmjs.org/dotenv/-/dotenv-16.4.7.tgz 128ms (cache miss)
24 http fetch POST 200 https://registry.npmjs.org/-/npm/v1/security/advisories/bulk 220ms
25 silly audit report {}
26 silly ADD node_modules/dotenv
27 verbose cwd C:\Users\mathe\OneDrive\Área de Trabalho\discord
28 verbose os Windows_NT 10.0.26100
29 verbose node v22.11.0
30 verbose npm  v10.9.2
31 verbose exit 0
32 info ok
