0 verbose cli C:\Program Files\nodejs\node.exe C:\Users\mathe\AppData\Roaming\npm\node_modules\npm\bin\npm-cli.js
1 info using npm@10.9.2
2 info using node@v22.11.0
3 silly config load:file:C:\Users\mathe\AppData\Roaming\npm\node_modules\npm\npmrc
4 silly config load:file:C:\Users\mathe\OneDrive\Área de Trabalho\discord\.npmrc
5 silly config load:file:C:\Users\mathe\.npmrc
6 silly config load:file:C:\Users\mathe\AppData\Roaming\npm\etc\npmrc
7 verbose title npm install node-fetch
8 verbose argv "install" "node-fetch"
9 verbose logfile logs-max:10 dir:C:\Users\mathe\OneDrive\Área de Trabalho\discord\npm-cache\_logs\2024-12-19T11_43_32_398Z-
10 verbose logfile C:\Users\mathe\OneDrive\Área de Trabalho\discord\npm-cache\_logs\2024-12-19T11_43_32_398Z-debug-0.log
11 silly logfile done cleaning log files
12 silly packumentCache heap:4345298944 maxSize:1086324736 maxEntrySize:543162368
13 silly idealTree buildDeps
14 silly fetch manifest node-fetch@*
15 silly packumentCache full:https://registry.npmjs.org/node-fetch cache-miss
16 http fetch GET 200 https://registry.npmjs.org/node-fetch 123ms (cache miss)
17 silly packumentCache full:https://registry.npmjs.org/node-fetch set size:undefined disposed:false
18 silly placeDep ROOT node-fetch@3.3.2 OK for: discord@1.0.0 want: *
19 silly fetch manifest data-uri-to-buffer@^4.0.0
20 silly packumentCache full:https://registry.npmjs.org/data-uri-to-buffer cache-miss
21 silly fetch manifest fetch-blob@^3.1.4
22 silly packumentCache full:https://registry.npmjs.org/fetch-blob cache-miss
23 silly fetch manifest formdata-polyfill@^4.0.10
24 silly packumentCache full:https://registry.npmjs.org/formdata-polyfill cache-miss
25 http fetch GET 200 https://registry.npmjs.org/data-uri-to-buffer 46ms (cache miss)
26 silly packumentCache full:https://registry.npmjs.org/data-uri-to-buffer set size:undefined disposed:false
27 http fetch GET 200 https://registry.npmjs.org/formdata-polyfill 72ms (cache miss)
28 silly packumentCache full:https://registry.npmjs.org/formdata-polyfill set size:undefined disposed:false
29 http fetch GET 200 https://registry.npmjs.org/fetch-blob 671ms (cache miss)
30 silly packumentCache full:https://registry.npmjs.org/fetch-blob set size:undefined disposed:false
31 silly placeDep ROOT data-uri-to-buffer@4.0.1 OK for: node-fetch@3.3.2 want: ^4.0.0
32 silly placeDep ROOT fetch-blob@3.2.0 OK for: node-fetch@3.3.2 want: ^3.1.4
33 silly placeDep ROOT formdata-polyfill@4.0.10 OK for: node-fetch@3.3.2 want: ^4.0.10
34 silly fetch manifest node-domexception@^1.0.0
35 silly packumentCache full:https://registry.npmjs.org/node-domexception cache-miss
36 silly fetch manifest web-streams-polyfill@^3.0.3
37 silly packumentCache full:https://registry.npmjs.org/web-streams-polyfill cache-miss
38 http fetch GET 200 https://registry.npmjs.org/web-streams-polyfill 36ms (cache miss)
39 silly packumentCache full:https://registry.npmjs.org/web-streams-polyfill set size:undefined disposed:false
40 http fetch GET 200 https://registry.npmjs.org/node-domexception 38ms (cache miss)
41 silly packumentCache full:https://registry.npmjs.org/node-domexception set size:undefined disposed:false
42 silly placeDep ROOT node-domexception@1.0.0 OK for: fetch-blob@3.2.0 want: ^1.0.0
43 silly placeDep ROOT web-streams-polyfill@3.3.3 OK for: fetch-blob@3.2.0 want: ^3.0.3
44 silly reify moves {}
45 silly audit bulk request {
45 silly audit   '@discordjs/builders': [ '1.9.0' ],
45 silly audit   'discord-api-types': [ '0.37.97', '0.37.83', '0.37.111', '0.37.100' ],
45 silly audit   '@discordjs/collection': [ '1.5.3', '2.1.1' ],
45 silly audit   '@discordjs/formatters': [ '0.5.0' ],
45 silly audit   '@discordjs/rest': [ '2.4.0' ],
45 silly audit   '@discordjs/util': [ '1.1.1' ],
45 silly audit   '@discordjs/ws': [ '1.1.1' ],
45 silly audit   '@sapphire/async-queue': [ '1.5.5' ],
45 silly audit   '@sapphire/shapeshift': [ '4.0.0' ],
45 silly audit   '@sapphire/snowflake': [ '3.5.3' ],
45 silly audit   '@types/node': [ '22.10.2' ],
45 silly audit   '@types/ws': [ '8.5.13' ],
45 silly audit   '@vladfrangu/async_event_emitter': [ '2.4.6' ],
45 silly audit   'discord.js': [ '14.16.3' ],
45 silly audit   dotenv: [ '16.4.7' ],
45 silly audit   'fast-deep-equal': [ '3.1.3' ],
45 silly audit   lodash: [ '4.17.21' ],
45 silly audit   'lodash.snakecase': [ '4.1.1' ],
45 silly audit   'magic-bytes.js': [ '1.10.0' ],
45 silly audit   'ts-mixer': [ '6.0.4' ],
45 silly audit   tslib: [ '2.8.1' ],
45 silly audit   undici: [ '6.19.8' ],
45 silly audit   'undici-types': [ '6.20.0' ],
45 silly audit   ws: [ '8.18.0' ],
45 silly audit   'node-fetch': [ '3.3.2' ],
45 silly audit   'data-uri-to-buffer': [ '4.0.1' ],
45 silly audit   'fetch-blob': [ '3.2.0' ],
45 silly audit   'formdata-polyfill': [ '4.0.10' ],
45 silly audit   'node-domexception': [ '1.0.0' ],
45 silly audit   'web-streams-polyfill': [ '3.3.3' ]
45 silly audit }
46 http cache web-streams-polyfill@https://registry.npmjs.org/web-streams-polyfill/-/web-streams-polyfill-3.3.3.tgz 0ms (cache hit)
47 http cache node-domexception@https://registry.npmjs.org/node-domexception/-/node-domexception-1.0.0.tgz 0ms (cache hit)
48 http cache fetch-blob@https://registry.npmjs.org/fetch-blob/-/fetch-blob-3.2.0.tgz 0ms (cache hit)
49 http cache formdata-polyfill@https://registry.npmjs.org/formdata-polyfill/-/formdata-polyfill-4.0.10.tgz 0ms (cache hit)
50 silly tarball no local data for web-streams-polyfill@https://registry.npmjs.org/web-streams-polyfill/-/web-streams-polyfill-3.3.3.tgz. Extracting by manifest.
51 http cache data-uri-to-buffer@https://registry.npmjs.org/data-uri-to-buffer/-/data-uri-to-buffer-4.0.1.tgz 0ms (cache hit)
52 http cache node-fetch@https://registry.npmjs.org/node-fetch/-/node-fetch-3.3.2.tgz 0ms (cache hit)
53 silly tarball no local data for node-domexception@https://registry.npmjs.org/node-domexception/-/node-domexception-1.0.0.tgz. Extracting by manifest.
54 silly tarball no local data for fetch-blob@https://registry.npmjs.org/fetch-blob/-/fetch-blob-3.2.0.tgz. Extracting by manifest.
55 silly tarball no local data for formdata-polyfill@https://registry.npmjs.org/formdata-polyfill/-/formdata-polyfill-4.0.10.tgz. Extracting by manifest.
56 silly tarball no local data for data-uri-to-buffer@https://registry.npmjs.org/data-uri-to-buffer/-/data-uri-to-buffer-4.0.1.tgz. Extracting by manifest.
57 silly tarball no local data for node-fetch@https://registry.npmjs.org/node-fetch/-/node-fetch-3.3.2.tgz. Extracting by manifest.
58 http fetch GET 200 https://registry.npmjs.org/node-domexception/-/node-domexception-1.0.0.tgz 48ms (cache miss)
59 http fetch GET 200 https://registry.npmjs.org/fetch-blob/-/fetch-blob-3.2.0.tgz 93ms (cache miss)
60 http fetch GET 200 https://registry.npmjs.org/data-uri-to-buffer/-/data-uri-to-buffer-4.0.1.tgz 93ms (cache miss)
61 http fetch GET 200 https://registry.npmjs.org/formdata-polyfill/-/formdata-polyfill-4.0.10.tgz 98ms (cache miss)
62 http fetch GET 200 https://registry.npmjs.org/node-fetch/-/node-fetch-3.3.2.tgz 114ms (cache miss)
63 http fetch POST 200 https://registry.npmjs.org/-/npm/v1/security/advisories/bulk 243ms
64 silly audit report {}
65 http fetch GET 200 https://registry.npmjs.org/web-streams-polyfill/-/web-streams-polyfill-3.3.3.tgz 313ms (cache miss)
66 silly ADD node_modules/web-streams-polyfill
67 silly ADD node_modules/node-domexception
68 silly ADD node_modules/formdata-polyfill
69 silly ADD node_modules/fetch-blob
70 silly ADD node_modules/data-uri-to-buffer
71 silly ADD node_modules/node-fetch
72 verbose cwd C:\Users\mathe\OneDrive\Área de Trabalho\discord
73 verbose os Windows_NT 10.0.26100
74 verbose node v22.11.0
75 verbose npm  v10.9.2
76 verbose exit 0
77 info ok
